  Parsing headers for FPSGameEditor
    Running UnrealHeaderTool "C:\Users\ho000086\Desktop\test1\SimpleFPSTemplate\SimpleFPSTemplate\FPSGame.uproject" "C:\Users\ho000086\Desktop\test1\SimpleFPSTemplate\SimpleFPSTemplate\Intermediate\Build\Win64\FPSGameEditor\Development\FPSGameEditor.uhtmanifest" -LogCmds="loginit warning, logexit warning, logdatabase error" -Unattended -WarningsAsErrors -installed
  Reflection code generated for FPSGameEditor in 6.915739 seconds
  Building FPSGameEditor...
  Using Visual Studio 2017 14.16.27034 toolchain (C:\Program Files (x86)\Microsoft Visual Studio\2017\Professional\VC\Tools\MSVC\14.16.27023) and Windows 10.0.17763.0 SDK (C:\Program Files (x86)\Windows Kits\10).
  [Upgrade]
  [Upgrade] Using backward-compatible build settings. The latest version of UE4 sets the following values by default, which may require code changes:
  [Upgrade]     bLegacyPublicIncludePaths = false                 => Omits subfolders from public include paths to reduce compiler command line length. (Previously: true).
  [Upgrade]     ShadowVariableWarningLevel = WarningLevel.Error   => Treats shadowed variable warnings as errors. (Previously: WarningLevel.Warning).
  [Upgrade]     PCHUsage = PCHUsageMode.UseExplicitOrSharedPCHs   => Set in build.cs files to enables IWYU-style PCH model. See https://docs.unrealengine.com/en-US/Programming/BuildTools/UnrealBuildTool/IWYU/index.html. (Previously: PCHUsageMode.UseSharedPCHs).
  [Upgrade] Suppress this message by setting 'DefaultBuildSettings = BuildSettingsVersion.V2;' in FPSGameEditor.Target.cs, and explicitly overriding settings that differ from the new defaults.
  [Upgrade]
  Building 4 actions with 8 processes...
    [1/4] FPSBombActor.cpp
    [2/4] UE4Editor-FPSGame.lib
       Creating library C:\Users\ho000086\Desktop\test1\SimpleFPSTemplate\SimpleFPSTemplate\Intermediate\Build\Win64\UE4Editor\Development\FPSGame\UE4Editor-FPSGame.lib and object C:\Users\ho000086\Desktop\test1\SimpleFPSTemplate\SimpleFPSTemplate\Intermediate\Build\Win64\UE4Editor\Development\FPSGame\UE4Editor-FPSGame.exp
    [3/4] UE4Editor-FPSGame.dll
       Creating library C:\Users\ho000086\Desktop\test1\SimpleFPSTemplate\SimpleFPSTemplate\Intermediate\Build\Win64\UE4Editor\Development\FPSGame\UE4Editor-FPSGame.suppressed.lib and object C:\Users\ho000086\Desktop\test1\SimpleFPSTemplate\SimpleFPSTemplate\Intermediate\Build\Win64\UE4Editor\Development\FPSGame\UE4Editor-FPSGame.suppressed.exp
    [4/4] FPSGameEditor.target
  Total time in Parallel executor: 2.35 seconds
  Total execution time: 9.97 seconds
