Log file open, 01/29/20 14:20:07
LogWindows: Failed to load 'aqProf.dll' (GetLastError=126)
LogWindows: File 'aqProf.dll' does not exist
LogWindows: Failed to load 'VtuneApi.dll' (GetLastError=126)
LogWindows: File 'VtuneApi.dll' does not exist
LogWindows: Failed to load 'VtuneApi32e.dll' (GetLastError=126)
LogWindows: File 'VtuneApi32e.dll' does not exist
LogConsoleResponse: Display: Failed to find resolution value strings in scalability ini. Falling back to default.
LogInit: Display: Running engine for game: FPSGame
LogPlatformFile: Not using cached read wrapper
LogTaskGraph: Started task graph with 5 named threads and 23 total threads with 3 sets of task threads.
LogStats: Stats thread started at 0.213804
LogD3D11RHI: Loaded GFSDK_Aftermath_Lib.x64.dll
LogICUInternationalization: ICU TimeZone Detection - Raw Offset: -5:00, Platform Override: ''
LogPluginManager: Mounting plugin Paper2D
LogPluginManager: Mounting plugin AISupport
LogPluginManager: Mounting plugin LightPropagationVolume
LogPluginManager: Mounting plugin ActorLayerUtilities
LogPluginManager: Mounting plugin AnimationSharing
LogPluginManager: Mounting plugin CLionSourceCodeAccess
LogPluginManager: Mounting plugin CodeLiteSourceCodeAccess
LogPluginManager: Mounting plugin GitSourceControl
LogPluginManager: Mounting plugin KDevelopSourceCodeAccess
LogPluginManager: Mounting plugin NullSourceCodeAccess
LogPluginManager: Mounting plugin PerforceSourceControl
LogPluginManager: Mounting plugin PlasticSourceControl
LogPluginManager: Mounting plugin SubversionSourceControl
LogPluginManager: Mounting plugin UObjectPlugin
LogPluginManager: Mounting plugin VisualStudioCodeSourceCodeAccess
LogPluginManager: Mounting plugin VisualStudioSourceCodeAccess
LogPluginManager: Mounting plugin XCodeSourceCodeAccess
LogPluginManager: Mounting plugin AssetManagerEditor
LogPluginManager: Mounting plugin CryptoKeys
LogPluginManager: Mounting plugin CurveEditorTools
LogPluginManager: Mounting plugin DataValidation
LogPluginManager: Mounting plugin FacialAnimation
LogPluginManager: Mounting plugin GameplayTagsEditor
LogPluginManager: Mounting plugin MacGraphicsSwitching
LogPluginManager: Mounting plugin MaterialAnalyzer
LogPluginManager: Mounting plugin MobileLauncherProfileWizard
LogPluginManager: Mounting plugin PluginBrowser
LogPluginManager: Mounting plugin SpeedTreeImporter
LogPluginManager: Mounting plugin DatasmithContent
LogPluginManager: Mounting plugin VariantManagerContent
LogPluginManager: Mounting plugin AlembicImporter
LogPluginManager: Mounting plugin AutomationUtils
LogPluginManager: Mounting plugin BackChannel
LogPluginManager: Mounting plugin CharacterAI
LogPluginManager: Mounting plugin GeometryCache
LogPluginManager: Mounting plugin PlatformCrypto
LogPluginManager: Mounting plugin ProxyLODPlugin
LogPluginManager: Mounting plugin SkeletalReduction
LogPluginManager: Mounting plugin MagicLeap
LogPluginManager: Mounting plugin MagicLeapMedia
LogPluginManager: Mounting plugin MLSDK
LogPluginManager: Mounting plugin AndroidMedia
LogPluginManager: Mounting plugin AvfMedia
LogPluginManager: Mounting plugin ImgMedia
LogPluginManager: Mounting plugin MediaCompositing
LogPluginManager: Mounting plugin MediaPlayerEditor
LogPluginManager: Mounting plugin WebMMedia
LogPluginManager: Mounting plugin WmfMedia
LogPluginManager: Mounting plugin TcpMessaging
LogPluginManager: Mounting plugin UdpMessaging
LogPluginManager: Mounting plugin ActorSequence
LogPluginManager: Mounting plugin LevelSequenceEditor
LogPluginManager: Mounting plugin MatineeToLevelSequence
LogPluginManager: Mounting plugin NetcodeUnitTest
LogPluginManager: Mounting plugin NUTUnrealEngine4
LogPluginManager: Mounting plugin OnlineSubsystemGooglePlay
LogPluginManager: Mounting plugin OnlineSubsystemIOS
LogPluginManager: Mounting plugin OnlineSubsystem
LogPluginManager: Mounting plugin OnlineSubsystemNull
LogPluginManager: Mounting plugin OnlineSubsystemUtils
LogPluginManager: Mounting plugin LauncherChunkInstaller
LogPluginManager: Mounting plugin AndroidDeviceProfileSelector
LogPluginManager: Mounting plugin AndroidMoviePlayer
LogPluginManager: Mounting plugin AndroidPermission
LogPluginManager: Mounting plugin AppleImageUtils
LogPluginManager: Mounting plugin AppleMoviePlayer
LogPluginManager: Mounting plugin ArchVisCharacter
LogPluginManager: Mounting plugin AssetTags
LogPluginManager: Mounting plugin AudioCapture
LogPluginManager: Mounting plugin CableComponent
LogPluginManager: Mounting plugin CustomMeshComponent
LogPluginManager: Mounting plugin EditableMesh
LogPluginManager: Mounting plugin ExampleDeviceProfileSelector
LogPluginManager: Mounting plugin GoogleCloudMessaging
LogPluginManager: Mounting plugin IOSDeviceProfileSelector
LogPluginManager: Mounting plugin LinuxDeviceProfileSelector
LogPluginManager: Mounting plugin LocationServicesBPLibrary
LogPluginManager: Mounting plugin MobilePatchingUtils
LogPluginManager: Mounting plugin OculusVR
LogPluginManager: Mounting plugin PhysXVehicles
LogPluginManager: Mounting plugin PostSplashScreen
LogPluginManager: Mounting plugin ProceduralMeshComponent
LogPluginManager: Mounting plugin RuntimePhysXCooking
LogPluginManager: Mounting plugin SignificanceManager
LogPluginManager: Mounting plugin SteamVR
LogPluginManager: Mounting plugin WebMMoviePlayer
LogPluginManager: Mounting plugin WindowsMoviePlayer
LogPluginManager: Mounting plugin ScreenshotTools
LogInit: Using libcurl 7.55.1-DEV
LogInit:  - built for x86_64-pc-win32
LogInit:  - supports SSL with OpenSSL/1.1.1
LogInit:  - supports HTTP deflate (compression) using libz 1.2.8
LogInit:  - other features:
LogInit:      CURL_VERSION_SSL
LogInit:      CURL_VERSION_LIBZ
LogInit:      CURL_VERSION_IPV6
LogInit:      CURL_VERSION_ASYNCHDNS
LogInit:      CURL_VERSION_LARGEFILE
LogInit:      CURL_VERSION_IDN
LogInit:  CurlRequestOptions (configurable via config and command line):
LogInit:  - bVerifyPeer = true  - Libcurl will verify peer certificate
LogInit:  - bUseHttpProxy = false  - Libcurl will NOT use HTTP proxy
LogInit:  - bDontReuseConnections = false  - Libcurl will reuse connections
LogInit:  - MaxHostConnections = 16  - Libcurl will limit the number of connections to a host
LogInit:  - LocalHostAddr = Default
LogInit:  - BufferSize = 65536
LogOnline: OSS: Creating online subsystem instance for: NULL
LogInit: WinSock: version 1.1 (2.2), MaxSocks=32767, MaxUdp=65467
LogOnline: OSS: TryLoadSubsystemAndSetDefault: Loaded subsystem for module [NULL]
LogInit: Build: ++UE4+Release-4.24-CL-10570792
LogInit: Engine Version: 4.24.0-10570792+++UE4+Release-4.24
LogInit: Compatible Engine Version: 4.24.0-10570792+++UE4+Release-4.24
LogInit: Net CL: 10570792
LogInit: OS: Windows 10 (Release 1809) (), CPU:        Intel(R) Core(TM) i7-3770K CPU @ 3.50GHz, GPU: NVIDIA GeForce GTX 670
LogInit: Compiled (64-bit): Dec  6 2019 02:05:13
LogInit: Compiled with Visual C++: 19.16.27032.01
LogInit: Build Configuration: Development
LogInit: Branch Name: ++UE4+Release-4.24
LogInit: Command Line:  -skipcompile
LogInit: Base Directory: C:/Program Files/Epic Games/UE_4.24/Engine/Binaries/Win64/
LogInit: Installed Engine Build: 1
LogDevObjectVersion: Number of dev versions registered: 25
LogDevObjectVersion:   Dev-Blueprints (B0D832E4-1F89-4F0D-ACCF-7EB736FD4AA2): 10
LogDevObjectVersion:   Dev-Build (E1C64328-A22C-4D53-A36C-8E866417BD8C): 0
LogDevObjectVersion:   Dev-Core (375EC13C-06E4-48FB-B500-84F0262A717E): 3
LogDevObjectVersion:   Dev-Editor (E4B068ED-F494-42E9-A231-DA0B2E46BB41): 37
LogDevObjectVersion:   Dev-Framework (CFFC743F-43B0-4480-9391-14DF171D2073): 36
LogDevObjectVersion:   Dev-Mobile (B02B49B5-BB20-44E9-A304-32B752E40360): 2
LogDevObjectVersion:   Dev-Networking (A4E4105C-59A1-49B5-A7C5-40C4547EDFEE): 0
LogDevObjectVersion:   Dev-Online (39C831C9-5AE6-47DC-9A44-9C173E1C8E7C): 0
LogDevObjectVersion:   Dev-Physics (78F01B33-EBEA-4F98-B9B4-84EACCB95AA2): 2
LogDevObjectVersion:   Dev-Platform (6631380F-2D4D-43E0-8009-CF276956A95A): 0
LogDevObjectVersion:   Dev-Rendering (12F88B9F-8875-4AFC-A67C-D90C383ABD29): 36
LogDevObjectVersion:   Dev-Sequencer (7B5AE74C-D270-4C10-A958-57980B212A5A): 11
LogDevObjectVersion:   Dev-VR (D7296918-1DD6-4BDD-9DE2-64A83CC13884): 2
LogDevObjectVersion:   Dev-LoadTimes (C2A15278-BFE7-4AFE-6C17-90FF531DF755): 1
LogDevObjectVersion:   Private-Geometry (6EACA3D4-40EC-4CC1-B786-8BED09428FC5): 3
LogDevObjectVersion:   Dev-AnimPhys (29E575DD-E0A3-4627-9D10-D276232CDCEA): 17
LogDevObjectVersion:   Dev-Anim (AF43A65D-7FD3-4947-9873-3E8ED9C1BB05): 2
LogDevObjectVersion:   Dev-ReflectionCapture (6B266CEC-1EC7-4B8F-A30B-E4D90942FC07): 1
LogDevObjectVersion:   Dev-Automation (0DF73D61-A23F-47EA-B727-89E90C41499A): 1
LogDevObjectVersion:   FortniteMain (601D1886-AC64-4F84-AA16-D3DE0DEAC7D6): 31
LogDevObjectVersion:   Dev-Enterprise (9DFFBCD6-494F-0158-E221-12823C92A888): 8
LogDevObjectVersion:   Dev-Niagara (F2AED0AC-9AFE-416F-8664-AA7FFA26D6FC): 1
LogDevObjectVersion:   Dev-Destruction (174F1F0B-B4C6-45A5-B13F-2EE8D0FB917D): 9
LogDevObjectVersion:   Dev-Physics-Ext (35F94A83-E258-406C-A318-09F59610247C): 8
LogDevObjectVersion:   Dev-CineCamera (B2E18506-4273-CFC2-A54E-F4BB758BBA07): 1
LogInit: Presizing for max 25165824 objects, including 0 objects not considered by GC, pre-allocating 0 bytes for permanent pool.
LogInit: Object subsystem initialized
LogConfig: Setting CVar [[con.DebugEarlyDefault:1]]
LogConfig: Setting CVar [[r.setres:1280x720]]
[2020.01.29-19.20.08:123][  0]LogConfig: Setting CVar [[r.VSync:0]]
[2020.01.29-19.20.08:123][  0]LogConfig: Setting CVar [[r.RHICmdBypass:0]]
[2020.01.29-19.20.08:123][  0]LogConfig: Applying CVar settings from Section [/Script/Engine.RendererSettings] File [C:/Users/ho000086/Desktop/test1/SimpleFPSTemplate/SimpleFPSTemplate/Saved/Config/Windows/Engine.ini]
[2020.01.29-19.20.08:123][  0]LogConfig: Setting CVar [[r.GPUCrashDebugging:0]]
[2020.01.29-19.20.08:123][  0]LogConfig: Applying CVar settings from Section [/Script/Engine.RendererOverrideSettings] File [C:/Users/ho000086/Desktop/test1/SimpleFPSTemplate/SimpleFPSTemplate/Saved/Config/Windows/Engine.ini]
[2020.01.29-19.20.08:123][  0]LogConfig: Applying CVar settings from Section [/Script/Engine.StreamingSettings] File [C:/Users/ho000086/Desktop/test1/SimpleFPSTemplate/SimpleFPSTemplate/Saved/Config/Windows/Engine.ini]
[2020.01.29-19.20.08:123][  0]LogConfig: Setting CVar [[s.MinBulkDataSizeForAsyncLoading:131072]]
[2020.01.29-19.20.08:123][  0]LogConfig: Setting CVar [[s.AsyncLoadingThreadEnabled:0]]
[2020.01.29-19.20.08:123][  0]LogConfig: Setting CVar [[s.EventDrivenLoaderEnabled:1]]
[2020.01.29-19.20.08:123][  0]LogConfig: Setting CVar [[s.WarnIfTimeLimitExceeded:0]]
[2020.01.29-19.20.08:123][  0]LogConfig: Setting CVar [[s.TimeLimitExceededMultiplier:1.5]]
[2020.01.29-19.20.08:123][  0]LogConfig: Setting CVar [[s.TimeLimitExceededMinTime:0.005]]
[2020.01.29-19.20.08:123][  0]LogConfig: Setting CVar [[s.UseBackgroundLevelStreaming:1]]
[2020.01.29-19.20.08:123][  0]LogConfig: Setting CVar [[s.PriorityAsyncLoadingExtraTime:15.0]]
[2020.01.29-19.20.08:123][  0]LogConfig: Setting CVar [[s.LevelStreamingActorsUpdateTimeLimit:5.0]]
[2020.01.29-19.20.08:123][  0]LogConfig: Setting CVar [[s.PriorityLevelStreamingActorsUpdateExtraTime:5.0]]
[2020.01.29-19.20.08:123][  0]LogConfig: Setting CVar [[s.LevelStreamingComponentsRegistrationGranularity:10]]
[2020.01.29-19.20.08:124][  0]LogConfig: Setting CVar [[s.UnregisterComponentsTimeLimit:1.0]]
[2020.01.29-19.20.08:124][  0]LogConfig: Setting CVar [[s.LevelStreamingComponentsUnregistrationGranularity:5]]
[2020.01.29-19.20.08:124][  0]LogConfig: Setting CVar [[s.FlushStreamingOnExit:1]]
[2020.01.29-19.20.08:124][  0]LogConfig: Applying CVar settings from Section [/Script/Engine.GarbageCollectionSettings] File [C:/Users/ho000086/Desktop/test1/SimpleFPSTemplate/SimpleFPSTemplate/Saved/Config/Windows/Engine.ini]
[2020.01.29-19.20.08:124][  0]LogConfig: Setting CVar [[gc.MaxObjectsNotConsideredByGC:1]]
[2020.01.29-19.20.08:124][  0]LogConfig: Setting CVar [[gc.SizeOfPermanentObjectPool:0]]
[2020.01.29-19.20.08:124][  0]LogConfig: Setting CVar [[gc.FlushStreamingOnGC:0]]
[2020.01.29-19.20.08:124][  0]LogConfig: Setting CVar [[gc.NumRetriesBeforeForcingGC:10]]
[2020.01.29-19.20.08:124][  0]LogConfig: Setting CVar [[gc.AllowParallelGC:1]]
[2020.01.29-19.20.08:124][  0]LogConfig: Setting CVar [[gc.TimeBetweenPurgingPendingKillObjects:61.1]]
[2020.01.29-19.20.08:124][  0]LogConfig: Setting CVar [[gc.MaxObjectsInEditor:25165824]]
[2020.01.29-19.20.08:124][  0]LogConfig: Setting CVar [[gc.IncrementalBeginDestroyEnabled:1]]
[2020.01.29-19.20.08:124][  0]LogConfig: Setting CVar [[gc.CreateGCClusters:1]]
[2020.01.29-19.20.08:124][  0]LogConfig: Setting CVar [[gc.MinGCClusterSize:5]]
[2020.01.29-19.20.08:124][  0]LogConfig: Setting CVar [[gc.ActorClusteringEnabled:0]]
[2020.01.29-19.20.08:124][  0]LogConfig: Setting CVar [[gc.BlueprintClusteringEnabled:0]]
[2020.01.29-19.20.08:124][  0]LogConfig: Setting CVar [[gc.UseDisregardForGCOnDedicatedServers:0]]
[2020.01.29-19.20.08:124][  0]LogConfig: Applying CVar settings from Section [/Script/Engine.NetworkSettings] File [C:/Users/ho000086/Desktop/test1/SimpleFPSTemplate/SimpleFPSTemplate/Saved/Config/Windows/Engine.ini]
[2020.01.29-19.20.08:124][  0]LogConfig: Applying CVar settings from Section [/Script/UnrealEd.CookerSettings] File [C:/Users/ho000086/Desktop/test1/SimpleFPSTemplate/SimpleFPSTemplate/Saved/Config/Windows/Engine.ini]
[2020.01.29-19.20.08:130][  0]LogConfig: Applying CVar settings from Section [ViewDistanceQuality@3] File [C:/Users/ho000086/Desktop/test1/SimpleFPSTemplate/SimpleFPSTemplate/Saved/Config/Windows/Scalability.ini]
[2020.01.29-19.20.08:130][  0]LogConfig: Setting CVar [[r.SkeletalMeshLODBias:0]]
[2020.01.29-19.20.08:130][  0]LogConfig: Setting CVar [[r.ViewDistanceScale:1.0]]
[2020.01.29-19.20.08:130][  0]LogConfig: Applying CVar settings from Section [AntiAliasingQuality@3] File [C:/Users/ho000086/Desktop/test1/SimpleFPSTemplate/SimpleFPSTemplate/Saved/Config/Windows/Scalability.ini]
[2020.01.29-19.20.08:130][  0]LogConfig: Setting CVar [[r.PostProcessAAQuality:4]]
[2020.01.29-19.20.08:130][  0]LogConfig: Applying CVar settings from Section [ShadowQuality@3] File [C:/Users/ho000086/Desktop/test1/SimpleFPSTemplate/SimpleFPSTemplate/Saved/Config/Windows/Scalability.ini]
[2020.01.29-19.20.08:130][  0]LogConfig: Setting CVar [[r.LightFunctionQuality:1]]
[2020.01.29-19.20.08:131][  0]LogConfig: Setting CVar [[r.ShadowQuality:5]]
[2020.01.29-19.20.08:131][  0]LogConfig: Setting CVar [[r.Shadow.CSM.MaxCascades:10]]
[2020.01.29-19.20.08:131][  0]LogConfig: Setting CVar [[r.Shadow.MaxResolution:2048]]
[2020.01.29-19.20.08:131][  0]LogConfig: Setting CVar [[r.Shadow.MaxCSMResolution:2048]]
[2020.01.29-19.20.08:131][  0]LogConfig: Setting CVar [[r.Shadow.RadiusThreshold:0.01]]
[2020.01.29-19.20.08:131][  0]LogConfig: Setting CVar [[r.Shadow.DistanceScale:1.0]]
[2020.01.29-19.20.08:131][  0]LogConfig: Setting CVar [[r.Shadow.CSM.TransitionScale:1.0]]
[2020.01.29-19.20.08:131][  0]LogConfig: Setting CVar [[r.Shadow.PreShadowResolutionFactor:1.0]]
[2020.01.29-19.20.08:131][  0]LogConfig: Setting CVar [[r.DistanceFieldShadowing:1]]
[2020.01.29-19.20.08:131][  0]LogConfig: Setting CVar [[r.DistanceFieldAO:1]]
[2020.01.29-19.20.08:131][  0]LogConfig: Setting CVar [[r.AOQuality:2]]
[2020.01.29-19.20.08:131][  0]LogConfig: Setting CVar [[r.VolumetricFog:1]]
[2020.01.29-19.20.08:131][  0]LogConfig: Setting CVar [[r.VolumetricFog.GridPixelSize:8]]
[2020.01.29-19.20.08:131][  0]LogConfig: Setting CVar [[r.VolumetricFog.GridSizeZ:128]]
[2020.01.29-19.20.08:131][  0]LogConfig: Setting CVar [[r.VolumetricFog.HistoryMissSupersampleCount:4]]
[2020.01.29-19.20.08:131][  0]LogConfig: Setting CVar [[r.LightMaxDrawDistanceScale:1]]
[2020.01.29-19.20.08:131][  0]LogConfig: Setting CVar [[r.CapsuleShadows:1]]
[2020.01.29-19.20.08:131][  0]LogConfig: Applying CVar settings from Section [PostProcessQuality@3] File [C:/Users/ho000086/Desktop/test1/SimpleFPSTemplate/SimpleFPSTemplate/Saved/Config/Windows/Scalability.ini]
[2020.01.29-19.20.08:131][  0]LogConfig: Setting CVar [[r.MotionBlurQuality:4]]
[2020.01.29-19.20.08:131][  0]LogConfig: Setting CVar [[r.AmbientOcclusionMipLevelFactor:0.4]]
[2020.01.29-19.20.08:131][  0]LogConfig: Setting CVar [[r.AmbientOcclusionMaxQuality:100]]
[2020.01.29-19.20.08:131][  0]LogConfig: Setting CVar [[r.AmbientOcclusionLevels:-1]]
[2020.01.29-19.20.08:132][  0]LogConfig: Setting CVar [[r.AmbientOcclusionRadiusScale:1.0]]
[2020.01.29-19.20.08:132][  0]LogConfig: Setting CVar [[r.DepthOfFieldQuality:2]]
[2020.01.29-19.20.08:132][  0]LogConfig: Setting CVar [[r.RenderTargetPoolMin:400]]
[2020.01.29-19.20.08:132][  0]LogConfig: Setting CVar [[r.LensFlareQuality:2]]
[2020.01.29-19.20.08:132][  0]LogConfig: Setting CVar [[r.SceneColorFringeQuality:1]]
[2020.01.29-19.20.08:132][  0]LogConfig: Setting CVar [[r.EyeAdaptationQuality:2]]
[2020.01.29-19.20.08:132][  0]LogConfig: Setting CVar [[r.BloomQuality:5]]
[2020.01.29-19.20.08:132][  0]LogConfig: Setting CVar [[r.FastBlurThreshold:100]]
[2020.01.29-19.20.08:132][  0]LogConfig: Setting CVar [[r.Upscale.Quality:3]]
[2020.01.29-19.20.08:132][  0]LogConfig: Setting CVar [[r.Tonemapper.GrainQuantization:1]]
[2020.01.29-19.20.08:132][  0]LogConfig: Setting CVar [[r.LightShaftQuality:1]]
[2020.01.29-19.20.08:132][  0]LogConfig: Setting CVar [[r.Filter.SizeScale:1]]
[2020.01.29-19.20.08:132][  0]LogConfig: Setting CVar [[r.Tonemapper.Quality:5]]
[2020.01.29-19.20.08:132][  0]LogConfig: Setting CVar [[r.DOF.Gather.AccumulatorQuality:1        ; higher gathering accumulator quality]]
[2020.01.29-19.20.08:132][  0]LogConfig: Setting CVar [[r.DOF.Gather.PostfilterMethod:1          ; Median3x3 postfilering method]]
[2020.01.29-19.20.08:132][  0]LogConfig: Setting CVar [[r.DOF.Gather.EnableBokehSettings:0       ; no bokeh simulation when gathering]]
[2020.01.29-19.20.08:132][  0]LogConfig: Setting CVar [[r.DOF.Gather.RingCount:4                 ; medium number of samples when gathering]]
[2020.01.29-19.20.08:132][  0]LogConfig: Setting CVar [[r.DOF.Scatter.ForegroundCompositing:1    ; additive foreground scattering]]
[2020.01.29-19.20.08:132][  0]LogConfig: Setting CVar [[r.DOF.Scatter.BackgroundCompositing:2    ; additive background scattering]]
[2020.01.29-19.20.08:132][  0]LogConfig: Setting CVar [[r.DOF.Scatter.EnableBokehSettings:1      ; bokeh simulation when scattering]]
[2020.01.29-19.20.08:132][  0]LogConfig: Setting CVar [[r.DOF.Scatter.MaxSpriteRatio:0.1         ; only a maximum of 10% of scattered bokeh]]
[2020.01.29-19.20.08:132][  0]LogConfig: Setting CVar [[r.DOF.Recombine.Quality:1                ; cheap slight out of focus]]
[2020.01.29-19.20.08:132][  0]LogConfig: Setting CVar [[r.DOF.Recombine.EnableBokehSettings:0    ; no bokeh simulation on slight out of focus]]
[2020.01.29-19.20.08:132][  0]LogConfig: Setting CVar [[r.DOF.TemporalAAQuality:1                ; more stable temporal accumulation]]
[2020.01.29-19.20.08:132][  0]LogConfig: Setting CVar [[r.DOF.Kernel.MaxForegroundRadius:0.025]]
[2020.01.29-19.20.08:133][  0]LogConfig: Setting CVar [[r.DOF.Kernel.MaxBackgroundRadius:0.025]]
[2020.01.29-19.20.08:133][  0]LogConfig: Applying CVar settings from Section [TextureQuality@3] File [C:/Users/ho000086/Desktop/test1/SimpleFPSTemplate/SimpleFPSTemplate/Saved/Config/Windows/Scalability.ini]
[2020.01.29-19.20.08:133][  0]LogConfig: Setting CVar [[r.Streaming.MipBias:0]]
[2020.01.29-19.20.08:133][  0]LogConfig: Setting CVar [[r.Streaming.AmortizeCPUToGPUCopy:0]]
[2020.01.29-19.20.08:133][  0]LogConfig: Setting CVar [[r.Streaming.MaxNumTexturesToStreamPerFrame:0]]
[2020.01.29-19.20.08:133][  0]LogConfig: Setting CVar [[r.Streaming.Boost:1]]
[2020.01.29-19.20.08:133][  0]LogConfig: Setting CVar [[r.MaxAnisotropy:8]]
[2020.01.29-19.20.08:133][  0]LogConfig: Setting CVar [[r.VT.MaxAnisotropy:8]]
[2020.01.29-19.20.08:133][  0]LogConfig: Setting CVar [[r.Streaming.LimitPoolSizeToVRAM:0]]
[2020.01.29-19.20.08:133][  0]LogConfig: Setting CVar [[r.Streaming.PoolSize:1000]]
[2020.01.29-19.20.08:133][  0]LogConfig: Setting CVar [[r.Streaming.MaxEffectiveScreenSize:0]]
[2020.01.29-19.20.08:133][  0]LogConfig: Applying CVar settings from Section [EffectsQuality@3] File [C:/Users/ho000086/Desktop/test1/SimpleFPSTemplate/SimpleFPSTemplate/Saved/Config/Windows/Scalability.ini]
[2020.01.29-19.20.08:133][  0]LogConfig: Setting CVar [[r.TranslucencyLightingVolumeDim:64]]
[2020.01.29-19.20.08:133][  0]LogConfig: Setting CVar [[r.RefractionQuality:2]]
[2020.01.29-19.20.08:133][  0]LogConfig: Setting CVar [[r.SSR.Quality:3]]
[2020.01.29-19.20.08:133][  0]LogConfig: Setting CVar [[r.SSR.HalfResSceneColor:0]]
[2020.01.29-19.20.08:133][  0]LogConfig: Setting CVar [[r.SceneColorFormat:4]]
[2020.01.29-19.20.08:133][  0]LogConfig: Setting CVar [[r.DetailMode:2]]
[2020.01.29-19.20.08:133][  0]LogConfig: Setting CVar [[r.TranslucencyVolumeBlur:1]]
[2020.01.29-19.20.08:133][  0]LogConfig: Setting CVar [[r.MaterialQualityLevel:1 ; High quality]]
[2020.01.29-19.20.08:133][  0]LogConfig: Setting CVar [[r.SSS.Scale:1]]
[2020.01.29-19.20.08:133][  0]LogConfig: Setting CVar [[r.SSS.SampleSet:2]]
[2020.01.29-19.20.08:133][  0]LogConfig: Setting CVar [[r.SSS.Quality:1]]
[2020.01.29-19.20.08:134][  0]LogConfig: Setting CVar [[r.SSS.HalfRes:1]]
[2020.01.29-19.20.08:134][  0]LogConfig: Setting CVar [[r.SSGI.Quality:3]]
[2020.01.29-19.20.08:134][  0]LogConfig: Setting CVar [[r.EmitterSpawnRateScale:1.0]]
[2020.01.29-19.20.08:134][  0]LogConfig: Setting CVar [[r.ParticleLightQuality:2]]
[2020.01.29-19.20.08:134][  0]LogConfig: Setting CVar [[r.SkyAtmosphere.AerialPerspectiveLUT.FastApplyOnOpaque:1 ; Always have FastSkyLUT 1 in this case to avoid wrong sky]]
[2020.01.29-19.20.08:134][  0]LogConfig: Setting CVar [[r.SkyAtmosphere.AerialPerspectiveLUT.SampleCountPerSlice:1]]
[2020.01.29-19.20.08:134][  0]LogConfig: Setting CVar [[r.SkyAtmosphere.AerialPerspectiveLUT.DepthResolution:16.0]]
[2020.01.29-19.20.08:134][  0]LogConfig: Setting CVar [[r.SkyAtmosphere.FastSkyLUT:1]]
[2020.01.29-19.20.08:134][  0]LogConfig: Setting CVar [[r.SkyAtmosphere.FastSkyLUT.SampleCountMin:4.0]]
[2020.01.29-19.20.08:134][  0]LogConfig: Setting CVar [[r.SkyAtmosphere.FastSkyLUT.SampleCountMax:32.0]]
[2020.01.29-19.20.08:134][  0]LogConfig: Setting CVar [[r.SkyAtmosphere.SampleCountMin:4.0]]
[2020.01.29-19.20.08:134][  0]LogConfig: Setting CVar [[r.SkyAtmosphere.SampleCountMax:32.0]]
[2020.01.29-19.20.08:134][  0]LogConfig: Setting CVar [[r.SkyAtmosphere.TransmittanceLUT.UseSmallFormat:0]]
[2020.01.29-19.20.08:134][  0]LogConfig: Setting CVar [[r.SkyAtmosphere.TransmittanceLUT.SampleCount:10.0]]
[2020.01.29-19.20.08:134][  0]LogConfig: Setting CVar [[r.SkyAtmosphere.MultiScatteringLUT.SampleCount:15.0]]
[2020.01.29-19.20.08:134][  0]LogConfig: Applying CVar settings from Section [FoliageQuality@3] File [C:/Users/ho000086/Desktop/test1/SimpleFPSTemplate/SimpleFPSTemplate/Saved/Config/Windows/Scalability.ini]
[2020.01.29-19.20.08:134][  0]LogConfig: Setting CVar [[foliage.DensityScale:1.0]]
[2020.01.29-19.20.08:134][  0]LogConfig: Setting CVar [[grass.DensityScale:1.0]]
[2020.01.29-19.20.08:134][  0]LogConfig: Applying CVar settings from Section [ShadingQuality@3] File [C:/Users/ho000086/Desktop/test1/SimpleFPSTemplate/SimpleFPSTemplate/Saved/Config/Windows/Scalability.ini]
[2020.01.29-19.20.08:134][  0]LogConfig: Setting CVar [[r.HairStrands.SkyLighting.SampleCount:16]]
[2020.01.29-19.20.08:134][  0]LogConfig: Setting CVar [[r.HairStrands.SkyLighting.JitterIntegration:0]]
[2020.01.29-19.20.08:134][  0]LogConfig: Setting CVar [[r.HairStrands.SkyAO.SampleCount:16]]
[2020.01.29-19.20.08:134][  0]LogInit: Selected Device Profile: [Windows]
[2020.01.29-19.20.08:134][  0]LogInit: Applying CVar settings loaded from the selected device profile: [Windows]
[2020.01.29-19.20.08:137][  0]LogHAL: Display: Platform has ~ 16 GB [17121820672 / 17179869184 / 16], which maps to Larger [LargestMinGB=32, LargerMinGB=12, DefaultMinGB=8, SmallerMinGB=6, SmallestMinGB=0)
[2020.01.29-19.20.08:137][  0]LogInit: Going up to parent DeviceProfile []
[2020.01.29-19.20.08:137][  0]LogConfig: Applying CVar settings from Section [ViewDistanceQuality@3] File [C:/Users/ho000086/Desktop/test1/SimpleFPSTemplate/SimpleFPSTemplate/Saved/Config/Windows/Scalability.ini]
[2020.01.29-19.20.08:137][  0]LogConfig: Setting CVar [[r.SkeletalMeshLODBias:0]]
[2020.01.29-19.20.08:137][  0]LogConfig: Setting CVar [[r.ViewDistanceScale:1.0]]
[2020.01.29-19.20.08:137][  0]LogConfig: Applying CVar settings from Section [AntiAliasingQuality@3] File [C:/Users/ho000086/Desktop/test1/SimpleFPSTemplate/SimpleFPSTemplate/Saved/Config/Windows/Scalability.ini]
[2020.01.29-19.20.08:137][  0]LogConfig: Setting CVar [[r.PostProcessAAQuality:4]]
[2020.01.29-19.20.08:137][  0]LogConfig: Applying CVar settings from Section [ShadowQuality@3] File [C:/Users/ho000086/Desktop/test1/SimpleFPSTemplate/SimpleFPSTemplate/Saved/Config/Windows/Scalability.ini]
[2020.01.29-19.20.08:138][  0]LogConfig: Setting CVar [[r.LightFunctionQuality:1]]
[2020.01.29-19.20.08:138][  0]LogConfig: Setting CVar [[r.ShadowQuality:5]]
[2020.01.29-19.20.08:138][  0]LogConfig: Setting CVar [[r.Shadow.CSM.MaxCascades:10]]
[2020.01.29-19.20.08:138][  0]LogConfig: Setting CVar [[r.Shadow.MaxResolution:2048]]
[2020.01.29-19.20.08:138][  0]LogConfig: Setting CVar [[r.Shadow.MaxCSMResolution:2048]]
[2020.01.29-19.20.08:138][  0]LogConfig: Setting CVar [[r.Shadow.RadiusThreshold:0.01]]
[2020.01.29-19.20.08:138][  0]LogConfig: Setting CVar [[r.Shadow.DistanceScale:1.0]]
[2020.01.29-19.20.08:138][  0]LogConfig: Setting CVar [[r.Shadow.CSM.TransitionScale:1.0]]
[2020.01.29-19.20.08:138][  0]LogConfig: Setting CVar [[r.Shadow.PreShadowResolutionFactor:1.0]]
[2020.01.29-19.20.08:138][  0]LogConfig: Setting CVar [[r.DistanceFieldShadowing:1]]
[2020.01.29-19.20.08:138][  0]LogConfig: Setting CVar [[r.DistanceFieldAO:1]]
[2020.01.29-19.20.08:138][  0]LogConfig: Setting CVar [[r.AOQuality:2]]
[2020.01.29-19.20.08:138][  0]LogConfig: Setting CVar [[r.VolumetricFog:1]]
[2020.01.29-19.20.08:138][  0]LogConfig: Setting CVar [[r.VolumetricFog.GridPixelSize:8]]
[2020.01.29-19.20.08:138][  0]LogConfig: Setting CVar [[r.VolumetricFog.GridSizeZ:128]]
[2020.01.29-19.20.08:138][  0]LogConfig: Setting CVar [[r.VolumetricFog.HistoryMissSupersampleCount:4]]
[2020.01.29-19.20.08:138][  0]LogConfig: Setting CVar [[r.LightMaxDrawDistanceScale:1]]
[2020.01.29-19.20.08:138][  0]LogConfig: Setting CVar [[r.CapsuleShadows:1]]
[2020.01.29-19.20.08:138][  0]LogConfig: Applying CVar settings from Section [PostProcessQuality@3] File [C:/Users/ho000086/Desktop/test1/SimpleFPSTemplate/SimpleFPSTemplate/Saved/Config/Windows/Scalability.ini]
[2020.01.29-19.20.08:138][  0]LogConfig: Setting CVar [[r.MotionBlurQuality:4]]
[2020.01.29-19.20.08:138][  0]LogConfig: Setting CVar [[r.AmbientOcclusionMipLevelFactor:0.4]]
[2020.01.29-19.20.08:138][  0]LogConfig: Setting CVar [[r.AmbientOcclusionMaxQuality:100]]
[2020.01.29-19.20.08:138][  0]LogConfig: Setting CVar [[r.AmbientOcclusionLevels:-1]]
[2020.01.29-19.20.08:139][  0]LogConfig: Setting CVar [[r.AmbientOcclusionRadiusScale:1.0]]
[2020.01.29-19.20.08:139][  0]LogConfig: Setting CVar [[r.DepthOfFieldQuality:2]]
[2020.01.29-19.20.08:139][  0]LogConfig: Setting CVar [[r.RenderTargetPoolMin:400]]
[2020.01.29-19.20.08:139][  0]LogConfig: Setting CVar [[r.LensFlareQuality:2]]
[2020.01.29-19.20.08:139][  0]LogConfig: Setting CVar [[r.SceneColorFringeQuality:1]]
[2020.01.29-19.20.08:139][  0]LogConfig: Setting CVar [[r.EyeAdaptationQuality:2]]
[2020.01.29-19.20.08:139][  0]LogConfig: Setting CVar [[r.BloomQuality:5]]
[2020.01.29-19.20.08:139][  0]LogConfig: Setting CVar [[r.FastBlurThreshold:100]]
[2020.01.29-19.20.08:139][  0]LogConfig: Setting CVar [[r.Upscale.Quality:3]]
[2020.01.29-19.20.08:139][  0]LogConfig: Setting CVar [[r.Tonemapper.GrainQuantization:1]]
[2020.01.29-19.20.08:139][  0]LogConfig: Setting CVar [[r.LightShaftQuality:1]]
[2020.01.29-19.20.08:139][  0]LogConfig: Setting CVar [[r.Filter.SizeScale:1]]
[2020.01.29-19.20.08:139][  0]LogConfig: Setting CVar [[r.Tonemapper.Quality:5]]
[2020.01.29-19.20.08:139][  0]LogConfig: Setting CVar [[r.DOF.Gather.AccumulatorQuality:1        ; higher gathering accumulator quality]]
[2020.01.29-19.20.08:139][  0]LogConfig: Setting CVar [[r.DOF.Gather.PostfilterMethod:1          ; Median3x3 postfilering method]]
[2020.01.29-19.20.08:139][  0]LogConfig: Setting CVar [[r.DOF.Gather.EnableBokehSettings:0       ; no bokeh simulation when gathering]]
[2020.01.29-19.20.08:139][  0]LogConfig: Setting CVar [[r.DOF.Gather.RingCount:4                 ; medium number of samples when gathering]]
[2020.01.29-19.20.08:139][  0]LogConfig: Setting CVar [[r.DOF.Scatter.ForegroundCompositing:1    ; additive foreground scattering]]
[2020.01.29-19.20.08:139][  0]LogConfig: Setting CVar [[r.DOF.Scatter.BackgroundCompositing:2    ; additive background scattering]]
[2020.01.29-19.20.08:139][  0]LogConfig: Setting CVar [[r.DOF.Scatter.EnableBokehSettings:1      ; bokeh simulation when scattering]]
[2020.01.29-19.20.08:139][  0]LogConfig: Setting CVar [[r.DOF.Scatter.MaxSpriteRatio:0.1         ; only a maximum of 10% of scattered bokeh]]
[2020.01.29-19.20.08:139][  0]LogConfig: Setting CVar [[r.DOF.Recombine.Quality:1                ; cheap slight out of focus]]
[2020.01.29-19.20.08:139][  0]LogConfig: Setting CVar [[r.DOF.Recombine.EnableBokehSettings:0    ; no bokeh simulation on slight out of focus]]
[2020.01.29-19.20.08:139][  0]LogConfig: Setting CVar [[r.DOF.TemporalAAQuality:1                ; more stable temporal accumulation]]
[2020.01.29-19.20.08:139][  0]LogConfig: Setting CVar [[r.DOF.Kernel.MaxForegroundRadius:0.025]]
[2020.01.29-19.20.08:140][  0]LogConfig: Setting CVar [[r.DOF.Kernel.MaxBackgroundRadius:0.025]]
[2020.01.29-19.20.08:140][  0]LogConfig: Applying CVar settings from Section [TextureQuality@3] File [C:/Users/ho000086/Desktop/test1/SimpleFPSTemplate/SimpleFPSTemplate/Saved/Config/Windows/Scalability.ini]
[2020.01.29-19.20.08:140][  0]LogConfig: Setting CVar [[r.Streaming.MipBias:0]]
[2020.01.29-19.20.08:140][  0]LogConfig: Setting CVar [[r.Streaming.AmortizeCPUToGPUCopy:0]]
[2020.01.29-19.20.08:140][  0]LogConfig: Setting CVar [[r.Streaming.MaxNumTexturesToStreamPerFrame:0]]
[2020.01.29-19.20.08:140][  0]LogConfig: Setting CVar [[r.Streaming.Boost:1]]
[2020.01.29-19.20.08:140][  0]LogConfig: Setting CVar [[r.MaxAnisotropy:8]]
[2020.01.29-19.20.08:140][  0]LogConfig: Setting CVar [[r.VT.MaxAnisotropy:8]]
[2020.01.29-19.20.08:140][  0]LogConfig: Setting CVar [[r.Streaming.LimitPoolSizeToVRAM:0]]
[2020.01.29-19.20.08:140][  0]LogConfig: Setting CVar [[r.Streaming.PoolSize:1000]]
[2020.01.29-19.20.08:140][  0]LogConfig: Setting CVar [[r.Streaming.MaxEffectiveScreenSize:0]]
[2020.01.29-19.20.08:140][  0]LogConfig: Applying CVar settings from Section [EffectsQuality@3] File [C:/Users/ho000086/Desktop/test1/SimpleFPSTemplate/SimpleFPSTemplate/Saved/Config/Windows/Scalability.ini]
[2020.01.29-19.20.08:140][  0]LogConfig: Setting CVar [[r.TranslucencyLightingVolumeDim:64]]
[2020.01.29-19.20.08:140][  0]LogConfig: Setting CVar [[r.RefractionQuality:2]]
[2020.01.29-19.20.08:140][  0]LogConfig: Setting CVar [[r.SSR.Quality:3]]
[2020.01.29-19.20.08:140][  0]LogConfig: Setting CVar [[r.SSR.HalfResSceneColor:0]]
[2020.01.29-19.20.08:140][  0]LogConfig: Setting CVar [[r.SceneColorFormat:4]]
[2020.01.29-19.20.08:140][  0]LogConfig: Setting CVar [[r.DetailMode:2]]
[2020.01.29-19.20.08:140][  0]LogConfig: Setting CVar [[r.TranslucencyVolumeBlur:1]]
[2020.01.29-19.20.08:140][  0]LogConfig: Setting CVar [[r.MaterialQualityLevel:1 ; High quality]]
[2020.01.29-19.20.08:140][  0]LogConfig: Setting CVar [[r.SSS.Scale:1]]
[2020.01.29-19.20.08:140][  0]LogConfig: Setting CVar [[r.SSS.SampleSet:2]]
[2020.01.29-19.20.08:140][  0]LogConfig: Setting CVar [[r.SSS.Quality:1]]
[2020.01.29-19.20.08:140][  0]LogConfig: Setting CVar [[r.SSS.HalfRes:1]]
[2020.01.29-19.20.08:141][  0]LogConfig: Setting CVar [[r.SSGI.Quality:3]]
[2020.01.29-19.20.08:141][  0]LogConfig: Setting CVar [[r.EmitterSpawnRateScale:1.0]]
[2020.01.29-19.20.08:141][  0]LogConfig: Setting CVar [[r.ParticleLightQuality:2]]
[2020.01.29-19.20.08:141][  0]LogConfig: Setting CVar [[r.SkyAtmosphere.AerialPerspectiveLUT.FastApplyOnOpaque:1 ; Always have FastSkyLUT 1 in this case to avoid wrong sky]]
[2020.01.29-19.20.08:141][  0]LogConfig: Setting CVar [[r.SkyAtmosphere.AerialPerspectiveLUT.SampleCountPerSlice:1]]
[2020.01.29-19.20.08:141][  0]LogConfig: Setting CVar [[r.SkyAtmosphere.AerialPerspectiveLUT.DepthResolution:16.0]]
[2020.01.29-19.20.08:141][  0]LogConfig: Setting CVar [[r.SkyAtmosphere.FastSkyLUT:1]]
[2020.01.29-19.20.08:141][  0]LogConfig: Setting CVar [[r.SkyAtmosphere.FastSkyLUT.SampleCountMin:4.0]]
[2020.01.29-19.20.08:141][  0]LogConfig: Setting CVar [[r.SkyAtmosphere.FastSkyLUT.SampleCountMax:32.0]]
[2020.01.29-19.20.08:141][  0]LogConfig: Setting CVar [[r.SkyAtmosphere.SampleCountMin:4.0]]
[2020.01.29-19.20.08:141][  0]LogConfig: Setting CVar [[r.SkyAtmosphere.SampleCountMax:32.0]]
[2020.01.29-19.20.08:141][  0]LogConfig: Setting CVar [[r.SkyAtmosphere.TransmittanceLUT.UseSmallFormat:0]]
[2020.01.29-19.20.08:141][  0]LogConfig: Setting CVar [[r.SkyAtmosphere.TransmittanceLUT.SampleCount:10.0]]
[2020.01.29-19.20.08:141][  0]LogConfig: Setting CVar [[r.SkyAtmosphere.MultiScatteringLUT.SampleCount:15.0]]
[2020.01.29-19.20.08:141][  0]LogConfig: Applying CVar settings from Section [FoliageQuality@3] File [C:/Users/ho000086/Desktop/test1/SimpleFPSTemplate/SimpleFPSTemplate/Saved/Config/Windows/Scalability.ini]
[2020.01.29-19.20.08:141][  0]LogConfig: Setting CVar [[foliage.DensityScale:1.0]]
[2020.01.29-19.20.08:141][  0]LogConfig: Setting CVar [[grass.DensityScale:1.0]]
[2020.01.29-19.20.08:141][  0]LogConfig: Applying CVar settings from Section [ShadingQuality@3] File [C:/Users/ho000086/Desktop/test1/SimpleFPSTemplate/SimpleFPSTemplate/Saved/Config/Windows/Scalability.ini]
[2020.01.29-19.20.08:141][  0]LogConfig: Setting CVar [[r.HairStrands.SkyLighting.SampleCount:16]]
[2020.01.29-19.20.08:141][  0]LogConfig: Setting CVar [[r.HairStrands.SkyLighting.JitterIntegration:0]]
[2020.01.29-19.20.08:141][  0]LogConfig: Setting CVar [[r.HairStrands.SkyAO.SampleCount:16]]
[2020.01.29-19.20.08:141][  0]LogConfig: Applying CVar settings from Section [Startup] File [../../../Engine/Config/ConsoleVariables.ini]
[2020.01.29-19.20.08:142][  0]LogConfig: Setting CVar [[net.UseAdaptiveNetUpdateFrequency:0]]
[2020.01.29-19.20.08:142][  0]LogConfig: Setting CVar [[p.chaos.AllowCreatePhysxBodies:1]]
[2020.01.29-19.20.08:142][  0]LogConfig: Applying CVar settings from Section [ConsoleVariables] File [C:/Users/ho000086/Desktop/test1/SimpleFPSTemplate/SimpleFPSTemplate/Saved/Config/Windows/Engine.ini]
[2020.01.29-19.20.08:142][  0]LogInit: Computer: WJ316-27
[2020.01.29-19.20.08:142][  0]LogInit: User: ho000086
[2020.01.29-19.20.08:142][  0]LogInit: CPU Page size=4096, Cores=4
[2020.01.29-19.20.08:142][  0]LogInit: High frequency timer resolution =10.000000 MHz
[2020.01.29-19.20.08:142][  0]LogMemory: Memory total: Physical=15.9GB (16GB approx)
[2020.01.29-19.20.08:142][  0]LogMemory: Platform Memory Stats for Windows
[2020.01.29-19.20.08:142][  0]LogMemory: Process Physical Memory: 109.36 MB used, 109.37 MB peak
[2020.01.29-19.20.08:142][  0]LogMemory: Process Virtual Memory: 100.91 MB used, 100.91 MB peak
[2020.01.29-19.20.08:143][  0]LogMemory: Physical Memory: 6751.63 MB used,  9577.01 MB free, 16328.64 MB total
[2020.01.29-19.20.08:143][  0]LogMemory: Virtual Memory: 5152.88 MB used,  134212576.00 MB free, 134217728.00 MB total
[2020.01.29-19.20.08:151][  0]LogWindows: WindowsPlatformFeatures enabled
[2020.01.29-19.20.08:260][  0]LogInit: Using OS detected language (en-US).
[2020.01.29-19.20.08:260][  0]LogInit: Using OS detected locale (en-US).
[2020.01.29-19.20.08:261][  0]LogTextLocalizationManager: No specific localization for 'en-US' exists, so the 'en' localization will be used.
[2020.01.29-19.20.08:421][  0]LogInit: Setting process to per monitor DPI aware
[2020.01.29-19.20.08:473][  0]LogSlate: New Slate User Created.  User Index 0, Is Virtual User: 0
[2020.01.29-19.20.08:473][  0]LogSlate: Slate User Registered.  User Index 0, Is Virtual User: 0
[2020.01.29-19.20.08:734][  0]LogHMD: Failed to initialize OpenVR with code 110
[2020.01.29-19.20.08:734][  0]LogD3D11RHI: D3D11 min allowed feature level: 11_0
[2020.01.29-19.20.08:734][  0]LogD3D11RHI: D3D11 max allowed feature level: 11_0
[2020.01.29-19.20.08:734][  0]LogD3D11RHI: D3D11 adapters:
[2020.01.29-19.20.08:822][  0]LogD3D11RHI:    0. 'NVIDIA GeForce GTX 670' (Feature Level 11_0)
[2020.01.29-19.20.08:822][  0]LogD3D11RHI:       4052/0/8164 MB DedicatedVideo/DedicatedSystem/SharedSystem, Outputs:1, VendorId:0x10de
[2020.01.29-19.20.08:828][  0]LogD3D11RHI:    1. 'Microsoft Basic Render Driver' (Feature Level 11_0)
[2020.01.29-19.20.08:828][  0]LogD3D11RHI:       0/0/8164 MB DedicatedVideo/DedicatedSystem/SharedSystem, Outputs:0, VendorId:0x1414
[2020.01.29-19.20.08:828][  0]LogD3D11RHI: Chosen D3D11 Adapter: 0
[2020.01.29-19.20.08:834][  0]LogD3D11RHI: Creating new Direct3DDevice
[2020.01.29-19.20.08:834][  0]LogD3D11RHI:     GPU DeviceId: 0x1189 (for the marketing name, search the web for "GPU Device Id")
[2020.01.29-19.20.08:834][  0]LogWindows: EnumDisplayDevices:
[2020.01.29-19.20.08:835][  0]LogWindows:    0. 'NVIDIA GeForce GTX 670' (P:1 D:1)
[2020.01.29-19.20.08:835][  0]LogWindows:    1. 'NVIDIA GeForce GTX 670' (P:0 D:0)
[2020.01.29-19.20.08:835][  0]LogWindows:    2. 'NVIDIA GeForce GTX 670' (P:0 D:0)
[2020.01.29-19.20.08:836][  0]LogWindows:    3. 'NVIDIA GeForce GTX 670' (P:0 D:0)
[2020.01.29-19.20.08:836][  0]LogWindows: DebugString: FoundDriverCount:4 
[2020.01.29-19.20.08:836][  0]LogD3D11RHI:     Adapter Name: NVIDIA GeForce GTX 670
[2020.01.29-19.20.08:836][  0]LogD3D11RHI:   Driver Version: 441.41 (internal:26.21.14.4141, unified:441.41)
[2020.01.29-19.20.08:836][  0]LogD3D11RHI:      Driver Date: 11-20-2019
[2020.01.29-19.20.08:836][  0]LogRHI: Texture pool is 2836 MB (70% of 4052 MB)
[2020.01.29-19.20.08:900][  0]LogD3D11RHI: RHI does not have support for 64 bit atomics
[2020.01.29-19.20.08:900][  0]LogD3D11RHI: Async texture creation enabled
[2020.01.29-19.20.08:922][  0]LogD3D11RHI: GPU Timing Frequency: 1000.000000 (Debug: 2 2)
[2020.01.29-19.20.09:222][  0]LogTargetPlatformManager: Display: Loaded TargetPlatform 'AllDesktop'
[2020.01.29-19.20.09:254][  0]LogTargetPlatformManager: Display: Loaded TargetPlatform 'Android'
[2020.01.29-19.20.09:255][  0]LogTargetPlatformManager: Display: Loaded TargetPlatform 'Android_ASTC'
[2020.01.29-19.20.09:255][  0]LogTargetPlatformManager: Display: Loaded TargetPlatform 'Android_ATC'
[2020.01.29-19.20.09:255][  0]LogTargetPlatformManager: Display: Loaded TargetPlatform 'Android_DXT'
[2020.01.29-19.20.09:255][  0]LogTargetPlatformManager: Display: Loaded TargetPlatform 'Android_ETC1'
[2020.01.29-19.20.09:255][  0]LogTargetPlatformManager: Display: Loaded TargetPlatform 'Android_ETC1a'
[2020.01.29-19.20.09:255][  0]LogTargetPlatformManager: Display: Loaded TargetPlatform 'Android_ETC2'
[2020.01.29-19.20.09:255][  0]LogTargetPlatformManager: Display: Loaded TargetPlatform 'Android_PVRTC'
[2020.01.29-19.20.09:255][  0]LogTargetPlatformManager: Display: Loaded TargetPlatform 'AndroidClient'
[2020.01.29-19.20.09:255][  0]LogTargetPlatformManager: Display: Loaded TargetPlatform 'Android_ASTCClient'
[2020.01.29-19.20.09:255][  0]LogTargetPlatformManager: Display: Loaded TargetPlatform 'Android_ATCClient'
[2020.01.29-19.20.09:255][  0]LogTargetPlatformManager: Display: Loaded TargetPlatform 'Android_DXTClient'
[2020.01.29-19.20.09:255][  0]LogTargetPlatformManager: Display: Loaded TargetPlatform 'Android_ETC1Client'
[2020.01.29-19.20.09:255][  0]LogTargetPlatformManager: Display: Loaded TargetPlatform 'Android_ETC1aClient'
[2020.01.29-19.20.09:255][  0]LogTargetPlatformManager: Display: Loaded TargetPlatform 'Android_ETC2Client'
[2020.01.29-19.20.09:255][  0]LogTargetPlatformManager: Display: Loaded TargetPlatform 'Android_PVRTCClient'
[2020.01.29-19.20.09:255][  0]LogTargetPlatformManager: Display: Loaded TargetPlatform 'Android_Multi'
[2020.01.29-19.20.09:256][  0]LogTargetPlatformManager: Display: Loaded TargetPlatform 'Android_MultiClient'
[2020.01.29-19.20.09:284][  0]LogTargetPlatformManager: Display: Loaded TargetPlatform 'IOSClient'
[2020.01.29-19.20.09:284][  0]LogTargetPlatformManager: Display: Loaded TargetPlatform 'IOS'
[2020.01.29-19.20.09:294][  0]LogTargetPlatformManager: Display: Loaded TargetPlatform 'LinuxNoEditor'
[2020.01.29-19.20.09:304][  0]LogTargetPlatformManager: Display: Loaded TargetPlatform 'LinuxClient'
[2020.01.29-19.20.09:314][  0]LogTargetPlatformManager: Display: Loaded TargetPlatform 'LinuxServer'
[2020.01.29-19.20.09:324][  0]LogTargetPlatformManager: Display: Loaded TargetPlatform 'LinuxAArch64NoEditor'
[2020.01.29-19.20.09:333][  0]LogTargetPlatformManager: Display: Loaded TargetPlatform 'LinuxAArch64Client'
[2020.01.29-19.20.09:343][  0]LogTargetPlatformManager: Display: Loaded TargetPlatform 'LinuxAArch64Server'
[2020.01.29-19.20.09:370][  0]LogTargetPlatformManager: Display: Loaded TargetPlatform 'Lumin'
[2020.01.29-19.20.09:370][  0]LogTargetPlatformManager: Display: Loaded TargetPlatform 'LuminClient'
[2020.01.29-19.20.09:386][  0]LogTargetPlatformManager: Display: Loaded TargetPlatform 'TVOSClient'
[2020.01.29-19.20.09:387][  0]LogTargetPlatformManager: Display: Loaded TargetPlatform 'TVOS'
[2020.01.29-19.20.09:397][  0]LogTargetPlatformManager: Display: Loaded TargetPlatform 'WindowsNoEditor'
[2020.01.29-19.20.09:407][  0]LogTargetPlatformManager: Display: Loaded TargetPlatform 'Windows'
[2020.01.29-19.20.09:417][  0]LogTargetPlatformManager: Display: Loaded TargetPlatform 'WindowsClient'
[2020.01.29-19.20.09:427][  0]LogTargetPlatformManager: Display: Loaded TargetPlatform 'WindowsServer'
[2020.01.29-19.20.09:427][  0]LogTargetPlatformManager: Display: Building Assets For Windows
[2020.01.29-19.20.09:446][  0]LogAudioDebug: Display: Lib vorbis DLL was dynamically loaded.
[2020.01.29-19.20.09:512][  0]LogShaderCompilers: Guid format shader working directory is -34 characters bigger than the processId version (../../../../../../Users/ho000086/Desktop/test1/SimpleFPSTemplate/SimpleFPSTemplate/Intermediate/Shaders/WorkingDirectory/11148/).
[2020.01.29-19.20.09:512][  0]LogShaderCompilers: Cleaned the shader compiler working directory 'C:/Users/ho000086/AppData/Local/Temp/UnrealShaderWorkingDir/71E4A1C54289DCDED9DF4BA394FE68DD/'.
[2020.01.29-19.20.09:513][  0]LogXGEController: Cleaning working directory: C:/Users/ho000086/AppData/Local/Temp/UnrealXGEWorkingDir/
[2020.01.29-19.20.09:513][  0]LogXGEController: Cannot use XGE Controller as Incredibuild is not installed on this machine.
[2020.01.29-19.20.09:513][  0]LogShaderCompilers: Cannot use XGE Shader Compiler as Incredibuild is not installed on this machine.
[2020.01.29-19.20.09:513][  0]LogShaderCompilers: Display: Using Local Shader Compiler.
[2020.01.29-19.20.10:303][  0]LogDerivedDataCache: Display: Max Cache Size: 512 MB
[2020.01.29-19.20.10:358][  0]LogDerivedDataCache: Loaded boot cache 0.05s 80MB C:/Users/ho000086/AppData/Local/UnrealEngine/4.24/DerivedDataCache/Boot.ddc.
[2020.01.29-19.20.10:359][  0]LogDerivedDataCache: Display: Loaded Boot cache: C:/Users/ho000086/AppData/Local/UnrealEngine/4.24/DerivedDataCache/Boot.ddc
[2020.01.29-19.20.10:359][  0]LogDerivedDataCache: FDerivedDataBackendGraph:  Pak pak cache file ../../../../../../Users/ho000086/Desktop/test1/SimpleFPSTemplate/SimpleFPSTemplate/DerivedDataCache/DDC.ddp not found, will not use a pak cache.
[2020.01.29-19.20.10:359][  0]LogDerivedDataCache: Unable to find inner node Pak for hierarchical cache Hierarchy.
[2020.01.29-19.20.10:359][  0]LogDerivedDataCache: FDerivedDataBackendGraph:  CompressedPak pak cache file ../../../../../../Users/ho000086/Desktop/test1/SimpleFPSTemplate/SimpleFPSTemplate/DerivedDataCache/Compressed.ddp not found, will not use a pak cache.
[2020.01.29-19.20.10:359][  0]LogDerivedDataCache: Unable to find inner node CompressedPak for hierarchical cache Hierarchy.
[2020.01.29-19.20.10:370][  0]LogDerivedDataCache: Display: Pak cache opened for reading ../../../Engine/DerivedDataCache/Compressed.ddp.
[2020.01.29-19.20.10:370][  0]LogDerivedDataCache: FDerivedDataBackendGraph:  EnterprisePak pak cache file ../../../Enterprise/DerivedDataCache/Compressed.ddp not found, will not use a pak cache.
[2020.01.29-19.20.10:370][  0]LogDerivedDataCache: Unable to find inner node EnterprisePak for hierarchical cache Hierarchy.
[2020.01.29-19.20.10:372][  0]LogDerivedDataCache: Using Local data cache path C:/Users/ho000086/AppData/Local/UnrealEngine/Common/DerivedDataCache: Writable
[2020.01.29-19.20.10:373][  0]LogDerivedDataCache: Shared data cache path not found in *engine.ini, will not use an Shared cache.
[2020.01.29-19.20.10:373][  0]LogDerivedDataCache: Unable to find inner node Shared for hierarchical cache Hierarchy.
[2020.01.29-19.20.10:402][  0]LogMaterial: Verifying Global Shaders for PCD3D_SM5
[2020.01.29-19.20.10:405][  0]LogSlate: Using FreeType 2.10.0
[2020.01.29-19.20.10:406][  0]LogSlate: SlateFontServices - WITH_FREETYPE: 1, WITH_HARFBUZZ: 1
[2020.01.29-19.20.10:485][  0]LogAssetRegistry: FAssetRegistry took 0.0046 seconds to start up
[2020.01.29-19.20.10:816][  0]LogInit: Selected Device Profile: [Windows]
[2020.01.29-19.20.11:007][  0]LogMeshReduction: Using QuadricMeshReduction for automatic static mesh reduction
[2020.01.29-19.20.11:007][  0]LogMeshReduction: Using SimplygonMeshReduction for automatic skeletal mesh reduction
[2020.01.29-19.20.11:007][  0]LogMeshReduction: Using ProxyLODMeshReduction for automatic mesh merging
[2020.01.29-19.20.11:007][  0]LogMeshReduction: No distributed automatic mesh merging module available
[2020.01.29-19.20.11:008][  0]LogMeshMerging: No distributed automatic mesh merging module available
[2020.01.29-19.20.11:019][  0]LogNetVersion: FPSGame 1.0.0, NetCL: 10570792, EngineNetVer: 13, GameNetVer: 0 (Checksum: 3989314102)
[2020.01.29-19.20.11:070][  0]LogInput: Warning: Action Jump uses deprecated key MotionController_Left_Trigger.
[2020.01.29-19.20.11:070][  0]LogInput: Warning: Action Fire uses deprecated key MotionController_Right_Trigger.
[2020.01.29-19.20.11:070][  0]LogInput: Warning: Action ResetVR uses deprecated key MotionController_Left_Grip1.
[2020.01.29-19.20.11:070][  0]LogInput: Warning: Axis MoveForward uses deprecated key MotionController_Left_Thumbstick_Y.
[2020.01.29-19.20.11:070][  0]LogInput: Warning: Axis MoveRight uses deprecated key MotionController_Left_Thumbstick_X.
[2020.01.29-19.20.12:285][  0]LogPackageLocalizationCache: Processed 10 localized package path(s) for 1 prioritized culture(s) in 0.042627 seconds
[2020.01.29-19.20.12:293][  0]LogUObjectArray: 46750 objects as part of root set at end of initial load.
[2020.01.29-19.20.12:293][  0]LogUObjectAllocator: 8137160 out of 0 bytes used by permanent object pool.
[2020.01.29-19.20.12:293][  0]LogUObjectArray: CloseDisregardForGC: 0/0 objects in disregard for GC pool
[2020.01.29-19.20.12:867][  0]LogTcpMessaging: Initializing TcpMessaging bridge
[2020.01.29-19.20.12:874][  0]LogUdpMessaging: Initializing bridge on interface 0.0.0.0:0 to multicast group 230.0.0.1:6666.
[2020.01.29-19.20.13:121][  0]SourceControl: Source control is disabled
[2020.01.29-19.20.13:121][  0]SourceControl: Source control is disabled
[2020.01.29-19.20.13:124][  0]SourceControl: Source control is disabled
[2020.01.29-19.20.13:127][  0]SourceControl: Source control is disabled
[2020.01.29-19.20.13:130][  0]SourceControl: Source control is disabled
[2020.01.29-19.20.13:300][  0]LogAndroidPermission: UAndroidPermissionCallbackProxy::GetInstance
[2020.01.29-19.20.13:324][  0]LogAudioCaptureCore: Display: No Audio Capture implementations found. Audio input will be silent.
[2020.01.29-19.20.13:324][  0]LogAudioCaptureCore: Display: No Audio Capture implementations found. Audio input will be silent.
[2020.01.29-19.20.13:436][  0]LogOcInput: OculusInput pre-init called
[2020.01.29-19.20.13:448][  0]LogWindows: Failed to load 'OVRPlugin.dll' (GetLastError=126)
[2020.01.29-19.20.13:448][  0]LogWindows: File 'OVRPlugin.dll' does not exist
[2020.01.29-19.20.13:534][  0]LogEngine: Initializing Engine...
[2020.01.29-19.20.13:535][  0]LogHMD: Failed to initialize OpenVR with code 110
[2020.01.29-19.20.13:536][  0]LogStats: UGameplayTagsManager::InitializeManager -  0.000 s
[2020.01.29-19.20.13:893][  0]LogInit: Initializing FReadOnlyCVARCache
[2020.01.29-19.20.13:902][  0]LogAIModule: Creating AISystem for world Untitled
[2020.01.29-19.20.13:916][  0]LogAudioMixer: Display: Audio Mixer Platform Settings:
[2020.01.29-19.20.13:916][  0]LogAudioMixer: Display: 	Sample Rate:						  48000
[2020.01.29-19.20.13:916][  0]LogAudioMixer: Display: 	Callback Buffer Frame Size Requested: 1024
[2020.01.29-19.20.13:916][  0]LogAudioMixer: Display: 	Callback Buffer Frame Size To Use:	  1024
[2020.01.29-19.20.13:916][  0]LogAudioMixer: Display: 	Number of buffers to queue:			  2
[2020.01.29-19.20.13:917][  0]LogAudioMixer: Display: 	Max Channels (voices):				  32
[2020.01.29-19.20.13:917][  0]LogAudioMixer: Display: 	Number of Async Source Workers:		  0
[2020.01.29-19.20.13:917][  0]LogAudio: Display: AudioDevice MaxSources: 32
[2020.01.29-19.20.13:917][  0]LogAudio: Display: Using built-in audio occlusion.
[2020.01.29-19.20.13:917][  0]LogAudioMixer: Display: Initializing audio mixer.
[2020.01.29-19.20.13:950][  0]LogAudioMixer: Display: Audio Device Output Speaker Info:
[2020.01.29-19.20.13:950][  0]LogAudioMixer: Display: Name: Realtek Digital Output(Optical) (Realtek High Definition Audio)
[2020.01.29-19.20.13:950][  0]LogAudioMixer: Display: Is Default: Yes
[2020.01.29-19.20.13:950][  0]LogAudioMixer: Display: Sample Rate: 48000
[2020.01.29-19.20.13:950][  0]LogAudioMixer: Display: Channel Count Used: 2
[2020.01.29-19.20.13:950][  0]LogAudioMixer: Display: Device Channel Count: 2
[2020.01.29-19.20.13:950][  0]LogAudioMixer: Display: Channel Order:
[2020.01.29-19.20.13:950][  0]LogAudioMixer: Display: 0: FrontLeft
[2020.01.29-19.20.13:950][  0]LogAudioMixer: Display: 1: FrontRight
[2020.01.29-19.20.14:017][  0]LogAudioMixer: Display: Using Audio Device Realtek Digital Output(Optical) (Realtek High Definition Audio)
[2020.01.29-19.20.14:025][  0]LogInit: FAudioDevice initialized.
[2020.01.29-19.20.14:026][  0]LogNetVersion: Set ProjectVersion to 1.0.0.0. Version Checksum will be recalculated on next use.
[2020.01.29-19.20.14:114][  0]LogDerivedDataCache: Saved boot cache 0.09s 80MB C:/Users/ho000086/AppData/Local/UnrealEngine/4.24/DerivedDataCache/Boot.ddc.
[2020.01.29-19.20.14:115][  0]LogInit: Texture streaming: Enabled
[2020.01.29-19.20.14:133][  0]LogEngineSessionManager: EngineSessionManager initialized
[2020.01.29-19.20.14:133][  0]LogEditorSessionSummary: Verbose: Initializing EditorSessionSummaryWriter for editor session tracking
[2020.01.29-19.20.14:134][  0]LogEditorSessionSummary: EditorSessionSummaryWriter initialized
[2020.01.29-19.20.14:179][  0]LogInit: Transaction tracking system initialized
[2020.01.29-19.20.14:200][  0]BlueprintLog: New page: Editor Load
[2020.01.29-19.20.14:277][  0]LocalizationService: Localization service is disabled
[2020.01.29-19.20.14:596][  0]LogFileCache: Scanning file cache for directory 'C:/Users/ho000086/Desktop/test1/SimpleFPSTemplate/SimpleFPSTemplate/Content/' took 0.00s
[2020.01.29-19.20.14:596][  0]LogCook: Display: Max memory allowance for cook 16384mb min free memory 0mb
[2020.01.29-19.20.14:597][  0]LogCook: Display: Mobile HDR setting 1
[2020.01.29-19.20.15:572][  0]SourceControl: Source control is disabled
[2020.01.29-19.20.15:572][  0]Cmd: MAP LOAD FILE="../../../../../../Users/ho000086/Desktop/test1/SimpleFPSTemplate/SimpleFPSTemplate/Content/Maps/FirstPersonExampleMap.umap" TEMPLATE=0 SHOWPROGRESS=1 FEATURELEVEL=3
[2020.01.29-19.20.15:573][  0]LightingResults: New page: Lighting Build
[2020.01.29-19.20.15:573][  0]LogWorld: UWorld::CleanupWorld for Untitled, bSessionEnded=true, bCleanupResources=true
[2020.01.29-19.20.15:573][  0]LogSlate: InvalidateAllWidgets triggered.  All widgets were invalidated
[2020.01.29-19.20.15:574][  0]MapCheck: New page: Map Check
[2020.01.29-19.20.15:574][  0]LightingResults: New page: Lighting Build
[2020.01.29-19.20.15:596][  0]LogUObjectHash: Compacting FUObjectHashTables data took   2.28ms
[2020.01.29-19.20.15:742][  0]LogAIModule: Creating AISystem for world FirstPersonExampleMap
[2020.01.29-19.20.15:749][  0]LogEditorServer: Finished looking for orphan Actors (0.000 secs)
[2020.01.29-19.20.15:772][  0]LogUObjectHash: Compacting FUObjectHashTables data took   1.20ms
[2020.01.29-19.20.15:772][  0]Cmd: MAP CHECKDEP NOCLEARLOG
[2020.01.29-19.20.15:772][  0]MapCheck: Map check complete: 0 Error(s), 0 Warning(s), took 0.13ms to complete.
[2020.01.29-19.20.15:772][  0]LogFileHelpers: Loading map 'FirstPersonExampleMap' took 0.200
[2020.01.29-19.20.15:949][  0]LogSlate: Updating window title bar state: overlay mode, drag disabled, window buttons hidden, title bar hidden
[2020.01.29-19.20.15:957][  0]LogSlate: Updating window title bar state: overlay mode, drag disabled, window buttons hidden, title bar hidden
[2020.01.29-19.20.15:966][  0]LogSlate: Updating window title bar state: overlay mode, drag disabled, window buttons hidden, title bar hidden
[2020.01.29-19.20.15:973][  0]LogSlate: Updating window title bar state: overlay mode, drag disabled, window buttons hidden, title bar hidden
[2020.01.29-19.20.15:981][  0]LogCollectionManager: Loaded 0 collections in 0.001719 seconds
[2020.01.29-19.20.16:000][  0]LogFileCache: Scanning file cache for directory 'C:/Users/ho000086/Desktop/test1/SimpleFPSTemplate/SimpleFPSTemplate/Saved/Collections/' took 0.00s
[2020.01.29-19.20.16:000][  0]LogFileCache: Scanning file cache for directory 'C:/Users/ho000086/Desktop/test1/SimpleFPSTemplate/SimpleFPSTemplate/Content/Developers/ho000086/Collections/' took 0.00s
[2020.01.29-19.20.16:000][  0]LogFileCache: Scanning file cache for directory 'C:/Users/ho000086/Desktop/test1/SimpleFPSTemplate/SimpleFPSTemplate/Content/Collections/' took 0.00s
[2020.01.29-19.20.16:000][  0]LogContentBrowser: Native class hierarchy populated in 0.0090 seconds. Added 3021 classes and 720 folders.
[2020.01.29-19.20.16:003][  0]LogContentBrowser: Native class hierarchy updated for 'WidgetCarousel' in 0.0003 seconds. Added 0 classes and 0 folders.
[2020.01.29-19.20.16:063][  0]LogContentBrowser: Native class hierarchy updated for 'AddContentDialog' in 0.0003 seconds. Added 0 classes and 0 folders.
[2020.01.29-19.20.16:070][  0]LogContentBrowser: Native class hierarchy updated for 'SceneOutliner' in 0.0005 seconds. Added 2 classes and 3 folders.
[2020.01.29-19.20.16:192][  0]LogSlate: Took 0.000411 seconds to synchronously load lazily loaded font '../../../Engine/Content/Slate/Fonts/Roboto-Regular.ttf' (155K)
[2020.01.29-19.20.16:194][  0]LogSlate: Took 0.000387 seconds to synchronously load lazily loaded font '../../../Engine/Content/Slate/Fonts/Roboto-Bold.ttf' (160K)
[2020.01.29-19.20.16:200][  0]LogSlate: Took 0.000404 seconds to synchronously load lazily loaded font '../../../Engine/Content/Editor/Slate/Fonts/FontAwesome.ttf' (139K)
[2020.01.29-19.20.16:292][  0]LogRenderer: Reallocating scene render targets to support 1208x572 Format 10 NumSamples 1 (Frame:1).
[2020.01.29-19.20.16:472][  0]LogSlate: Window 'Tutorials' being destroyed
[2020.01.29-19.20.16:486][  0]LogContentBrowser: Native class hierarchy updated for 'HierarchicalLODOutliner' in 0.0004 seconds. Added 0 classes and 0 folders.
[2020.01.29-19.20.16:486][  0]LogLoad: (Engine Initialization) Total time: 9.94 seconds
[2020.01.29-19.20.16:486][  0]LogLoad: (Engine Initialization) Total Blueprint compile time: 0.00 seconds
[2020.01.29-19.20.16:541][  0]LogAssetRegistry: Asset discovery search completed in 6.0594 seconds
[2020.01.29-19.20.16:545][  0]LogCollectionManager: Fixed up redirectors for 0 collections in 0.000011 seconds (updated 0 objects)
[2020.01.29-19.20.16:546][  0]LogContentStreaming: Texture pool size now 1000 MB
[2020.01.29-19.20.16:577][  0]LogSlate: Took 0.000363 seconds to synchronously load lazily loaded font '../../../Engine/Content/Slate/Fonts/Roboto-Light.ttf' (167K)
[2020.01.29-19.20.17:450][ 68]LogTemp: Repeating last play command: Selected Viewport
[2020.01.29-19.20.17:460][ 68]LogBlueprintUserMessages: Early PlayInEditor Detection: Level '/Game/Maps/FirstPersonExampleMap.FirstPersonExampleMap:PersistentLevel' has LevelScriptBlueprint '/Game/Maps/FirstPersonExampleMap.FirstPersonExampleMap:PersistentLevel.FirstPersonExampleMap' with GeneratedClass '/Game/Maps/FirstPersonExampleMap.FirstPersonExampleMap_C' with ClassGeneratedBy '/Game/Maps/FirstPersonExampleMap.FirstPersonExampleMap:PersistentLevel.FirstPersonExampleMap'
[2020.01.29-19.20.17:460][ 68]LogPlayLevel: PlayLevel: No blueprints needed recompiling
[2020.01.29-19.20.17:461][ 68]PIE: New page: PIE session: FirstPersonExampleMap (Jan 29, 2020, 9:20:17 AM)
[2020.01.29-19.20.17:462][ 68]LogOnline: OSS: Creating online subsystem instance for: NULL
[2020.01.29-19.20.17:464][ 68]LogOnline: OSS: TryLoadSubsystemAndSetDefault: Loaded subsystem for module [NULL]
[2020.01.29-19.20.17:464][ 68]LogPlayLevel: Creating play world package: /Game/Maps/UEDPIE_0_FirstPersonExampleMap
[2020.01.29-19.20.17:484][ 68]LogPlayLevel: PIE: StaticDuplicateObject took: (0.020250s)
[2020.01.29-19.20.17:486][ 68]LogAIModule: Creating AISystem for world FirstPersonExampleMap
[2020.01.29-19.20.17:486][ 68]LogPlayLevel: PIE: World Init took: (0.001735s)
[2020.01.29-19.20.17:486][ 68]LogPlayLevel: PIE: Created PIE world by copying editor world from /Game/Maps/FirstPersonExampleMap.FirstPersonExampleMap to /Game/Maps/UEDPIE_0_FirstPersonExampleMap.FirstPersonExampleMap (0.022453s)
[2020.01.29-19.20.17:512][ 68]LogUObjectHash: Compacting FUObjectHashTables data took   1.51ms
[2020.01.29-19.20.17:516][ 68]LogAudioMixer: Display: Audio Mixer Platform Settings:
[2020.01.29-19.20.17:517][ 68]LogAudioMixer: Display: 	Sample Rate:						  48000
[2020.01.29-19.20.17:517][ 68]LogAudioMixer: Display: 	Callback Buffer Frame Size Requested: 1024
[2020.01.29-19.20.17:517][ 68]LogAudioMixer: Display: 	Callback Buffer Frame Size To Use:	  1024
[2020.01.29-19.20.17:517][ 68]LogAudioMixer: Display: 	Number of buffers to queue:			  2
[2020.01.29-19.20.17:517][ 68]LogAudioMixer: Display: 	Max Channels (voices):				  32
[2020.01.29-19.20.17:517][ 68]LogAudioMixer: Display: 	Number of Async Source Workers:		  0
[2020.01.29-19.20.17:517][ 68]LogAudio: Display: AudioDevice MaxSources: 32
[2020.01.29-19.20.17:518][ 68]LogAudio: Display: Using built-in audio occlusion.
[2020.01.29-19.20.17:518][ 68]LogAudioMixer: Display: Initializing audio mixer.
[2020.01.29-19.20.17:535][ 68]LogAudioMixer: Display: Audio Device Output Speaker Info:
[2020.01.29-19.20.17:535][ 68]LogAudioMixer: Display: Name: Realtek Digital Output(Optical) (Realtek High Definition Audio)
[2020.01.29-19.20.17:535][ 68]LogAudioMixer: Display: Is Default: Yes
[2020.01.29-19.20.17:535][ 68]LogAudioMixer: Display: Sample Rate: 48000
[2020.01.29-19.20.17:536][ 68]LogAudioMixer: Display: Channel Count Used: 2
[2020.01.29-19.20.17:536][ 68]LogAudioMixer: Display: Device Channel Count: 2
[2020.01.29-19.20.17:536][ 68]LogAudioMixer: Display: Channel Order:
[2020.01.29-19.20.17:536][ 68]LogAudioMixer: Display: 0: FrontLeft
[2020.01.29-19.20.17:536][ 68]LogAudioMixer: Display: 1: FrontRight
[2020.01.29-19.20.17:551][ 68]LogAudioMixer: Display: Using Audio Device Realtek Digital Output(Optical) (Realtek High Definition Audio)
[2020.01.29-19.20.17:554][ 68]LogInit: FAudioDevice initialized.
[2020.01.29-19.20.17:568][ 68]LogLoad: Game class is 'FPSGameMode'
[2020.01.29-19.20.17:571][ 68]LogWorld: Bringing World /Game/Maps/UEDPIE_0_FirstPersonExampleMap.FirstPersonExampleMap up for play (max tick rate 0) at 2020.01.29-14.20.17
[2020.01.29-19.20.17:571][ 68]LogWorld: Bringing up level for play took: 0.002355
[2020.01.29-19.20.17:572][ 68]LogOnline: OSS: Creating online subsystem instance for: :Context_4
[2020.01.29-19.20.17:576][ 68]LogContentBrowser: Native class hierarchy updated for 'MovieSceneCapture' in 0.0004 seconds. Added 20 classes and 0 folders.
[2020.01.29-19.20.17:577][ 68]PIE: Play in editor start time for /Game/Maps/UEDPIE_0_FirstPersonExampleMap 0.599
[2020.01.29-19.20.17:577][ 68]LogBlueprintUserMessages: Late PlayInEditor Detection: Level '/Game/Maps/FirstPersonExampleMap.FirstPersonExampleMap:PersistentLevel' has LevelScriptBlueprint '/Game/Maps/FirstPersonExampleMap.FirstPersonExampleMap:PersistentLevel.FirstPersonExampleMap' with GeneratedClass '/Game/Maps/FirstPersonExampleMap.FirstPersonExampleMap_C' with ClassGeneratedBy '/Game/Maps/FirstPersonExampleMap.FirstPersonExampleMap:PersistentLevel.FirstPersonExampleMap'
[2020.01.29-19.20.33:566][968]LogAudioMixer: Display: No commands were queued while flushing the source manager.
[2020.01.29-19.20.33:574][968]LogAudioMixer: Display: Flush succeeded in the source manager command queue (1).
[2020.01.29-19.20.33:594][968]LogAudioMixer: Display: Flush succeeded the source manager command queue (2).
[2020.01.29-19.20.33:595][968]LogBlueprintUserMessages: Early EndPlayMap Detection: Level '/Game/Maps/FirstPersonExampleMap.FirstPersonExampleMap:PersistentLevel' has LevelScriptBlueprint '/Game/Maps/FirstPersonExampleMap.FirstPersonExampleMap:PersistentLevel.FirstPersonExampleMap' with GeneratedClass '/Game/Maps/FirstPersonExampleMap.FirstPersonExampleMap_C' with ClassGeneratedBy '/Game/Maps/FirstPersonExampleMap.FirstPersonExampleMap:PersistentLevel.FirstPersonExampleMap'
[2020.01.29-19.20.33:595][968]LogSlate: Updating window title bar state: overlay mode, drag disabled, window buttons hidden, title bar hidden
[2020.01.29-19.20.33:595][968]LogWorld: BeginTearingDown for /Game/Maps/UEDPIE_0_FirstPersonExampleMap
[2020.01.29-19.20.33:595][968]LogAudioMixer: Display: No commands were queued while flushing the source manager.
[2020.01.29-19.20.33:596][968]LogWorld: UWorld::CleanupWorld for FirstPersonExampleMap, bSessionEnded=true, bCleanupResources=true
[2020.01.29-19.20.33:596][968]LogSlate: InvalidateAllWidgets triggered.  All widgets were invalidated
[2020.01.29-19.20.33:607][968]LogPlayLevel: Display: Shutting down PIE online subsystems
[2020.01.29-19.20.33:608][968]LogBlueprintUserMessages: Late EndPlayMap Detection: Level '/Game/Maps/FirstPersonExampleMap.FirstPersonExampleMap:PersistentLevel' has LevelScriptBlueprint '/Game/Maps/FirstPersonExampleMap.FirstPersonExampleMap:PersistentLevel.FirstPersonExampleMap' with GeneratedClass '/Game/Maps/FirstPersonExampleMap.FirstPersonExampleMap_C' with ClassGeneratedBy '/Game/Maps/FirstPersonExampleMap.FirstPersonExampleMap:PersistentLevel.FirstPersonExampleMap'
[2020.01.29-19.20.33:610][968]LogSlate: InvalidateAllWidgets triggered.  All widgets were invalidated
[2020.01.29-19.20.33:632][968]LogAudioMixer: Display: No commands were queued while flushing the source manager.
[2020.01.29-19.20.33:637][968]LogSlate: Updating window title bar state: overlay mode, drag disabled, window buttons hidden, title bar hidden
[2020.01.29-19.20.33:641][968]LogUObjectHash: Compacting FUObjectHashTables data took   1.76ms
[2020.01.29-19.20.33:690][970]LogPlayLevel: Display: Destroying online subsystem :Context_4
[2020.01.29-19.20.34:763][ 98]LogTemp: Repeating last play command: Selected Viewport
[2020.01.29-19.20.34:773][ 98]LogBlueprintUserMessages: Early PlayInEditor Detection: Level '/Game/Maps/FirstPersonExampleMap.FirstPersonExampleMap:PersistentLevel' has LevelScriptBlueprint '/Game/Maps/FirstPersonExampleMap.FirstPersonExampleMap:PersistentLevel.FirstPersonExampleMap' with GeneratedClass '/Game/Maps/FirstPersonExampleMap.FirstPersonExampleMap_C' with ClassGeneratedBy '/Game/Maps/FirstPersonExampleMap.FirstPersonExampleMap:PersistentLevel.FirstPersonExampleMap'
[2020.01.29-19.20.34:773][ 98]LogPlayLevel: PlayLevel: No blueprints needed recompiling
[2020.01.29-19.20.34:774][ 98]PIE: New page: PIE session: FirstPersonExampleMap (Jan 29, 2020, 9:20:34 AM)
[2020.01.29-19.20.34:774][ 98]LogPlayLevel: Creating play world package: /Game/Maps/UEDPIE_0_FirstPersonExampleMap
[2020.01.29-19.20.34:791][ 98]LogPlayLevel: PIE: StaticDuplicateObject took: (0.017569s)
[2020.01.29-19.20.34:792][ 98]LogAIModule: Creating AISystem for world FirstPersonExampleMap
[2020.01.29-19.20.34:792][ 98]LogPlayLevel: PIE: World Init took: (0.001400s)
[2020.01.29-19.20.34:792][ 98]LogPlayLevel: PIE: Created PIE world by copying editor world from /Game/Maps/FirstPersonExampleMap.FirstPersonExampleMap to /Game/Maps/UEDPIE_0_FirstPersonExampleMap.FirstPersonExampleMap (0.019375s)
[2020.01.29-19.20.34:816][ 98]LogUObjectHash: Compacting FUObjectHashTables data took   1.44ms
[2020.01.29-19.20.34:817][ 98]LogAudioMixer: Display: Audio Mixer Platform Settings:
[2020.01.29-19.20.34:818][ 98]LogAudioMixer: Display: 	Sample Rate:						  48000
[2020.01.29-19.20.34:818][ 98]LogAudioMixer: Display: 	Callback Buffer Frame Size Requested: 1024
[2020.01.29-19.20.34:818][ 98]LogAudioMixer: Display: 	Callback Buffer Frame Size To Use:	  1024
[2020.01.29-19.20.34:818][ 98]LogAudioMixer: Display: 	Number of buffers to queue:			  2
[2020.01.29-19.20.34:818][ 98]LogAudioMixer: Display: 	Max Channels (voices):				  32
[2020.01.29-19.20.34:818][ 98]LogAudioMixer: Display: 	Number of Async Source Workers:		  0
[2020.01.29-19.20.34:818][ 98]LogAudio: Display: AudioDevice MaxSources: 32
[2020.01.29-19.20.34:818][ 98]LogAudio: Display: Using built-in audio occlusion.
[2020.01.29-19.20.34:819][ 98]LogAudioMixer: Display: Initializing audio mixer.
[2020.01.29-19.20.34:834][ 98]LogAudioMixer: Display: Audio Device Output Speaker Info:
[2020.01.29-19.20.34:834][ 98]LogAudioMixer: Display: Name: Realtek Digital Output(Optical) (Realtek High Definition Audio)
[2020.01.29-19.20.34:834][ 98]LogAudioMixer: Display: Is Default: Yes
[2020.01.29-19.20.34:835][ 98]LogAudioMixer: Display: Sample Rate: 48000
[2020.01.29-19.20.34:835][ 98]LogAudioMixer: Display: Channel Count Used: 2
[2020.01.29-19.20.34:835][ 98]LogAudioMixer: Display: Device Channel Count: 2
[2020.01.29-19.20.34:835][ 98]LogAudioMixer: Display: Channel Order:
[2020.01.29-19.20.34:835][ 98]LogAudioMixer: Display: 0: FrontLeft
[2020.01.29-19.20.34:835][ 98]LogAudioMixer: Display: 1: FrontRight
[2020.01.29-19.20.34:849][ 98]LogAudioMixer: Display: Using Audio Device Realtek Digital Output(Optical) (Realtek High Definition Audio)
[2020.01.29-19.20.34:852][ 98]LogInit: FAudioDevice initialized.
[2020.01.29-19.20.34:867][ 98]LogLoad: Game class is 'FPSGameMode'
[2020.01.29-19.20.34:870][ 98]LogWorld: Bringing World /Game/Maps/UEDPIE_0_FirstPersonExampleMap.FirstPersonExampleMap up for play (max tick rate 0) at 2020.01.29-14.20.34
[2020.01.29-19.20.34:870][ 98]LogWorld: Bringing up level for play took: 0.002035
[2020.01.29-19.20.34:870][ 98]LogOnline: OSS: Creating online subsystem instance for: :Context_5
[2020.01.29-19.20.34:873][ 98]PIE: Play in editor start time for /Game/Maps/UEDPIE_0_FirstPersonExampleMap -0.104
[2020.01.29-19.20.34:873][ 98]LogBlueprintUserMessages: Late PlayInEditor Detection: Level '/Game/Maps/FirstPersonExampleMap.FirstPersonExampleMap:PersistentLevel' has LevelScriptBlueprint '/Game/Maps/FirstPersonExampleMap.FirstPersonExampleMap:PersistentLevel.FirstPersonExampleMap' with GeneratedClass '/Game/Maps/FirstPersonExampleMap.FirstPersonExampleMap_C' with ClassGeneratedBy '/Game/Maps/FirstPersonExampleMap.FirstPersonExampleMap:PersistentLevel.FirstPersonExampleMap'
[2020.01.29-19.21.02:093][331]LogAudioMixer: Display: No commands were queued while flushing the source manager.
[2020.01.29-19.21.02:094][331]LogAudioMixer: Display: Flush succeeded in the source manager command queue (1).
[2020.01.29-19.21.02:115][331]LogAudioMixer: Display: Flush succeeded the source manager command queue (2).
[2020.01.29-19.21.02:115][331]LogBlueprintUserMessages: Early EndPlayMap Detection: Level '/Game/Maps/FirstPersonExampleMap.FirstPersonExampleMap:PersistentLevel' has LevelScriptBlueprint '/Game/Maps/FirstPersonExampleMap.FirstPersonExampleMap:PersistentLevel.FirstPersonExampleMap' with GeneratedClass '/Game/Maps/FirstPersonExampleMap.FirstPersonExampleMap_C' with ClassGeneratedBy '/Game/Maps/FirstPersonExampleMap.FirstPersonExampleMap:PersistentLevel.FirstPersonExampleMap'
[2020.01.29-19.21.02:115][331]LogSlate: Updating window title bar state: overlay mode, drag disabled, window buttons hidden, title bar hidden
[2020.01.29-19.21.02:115][331]LogWorld: BeginTearingDown for /Game/Maps/UEDPIE_0_FirstPersonExampleMap
[2020.01.29-19.21.02:116][331]LogAudioMixer: Display: No commands were queued while flushing the source manager.
[2020.01.29-19.21.02:116][331]LogWorld: UWorld::CleanupWorld for FirstPersonExampleMap, bSessionEnded=true, bCleanupResources=true
[2020.01.29-19.21.02:116][331]LogSlate: InvalidateAllWidgets triggered.  All widgets were invalidated
[2020.01.29-19.21.02:125][331]LogPlayLevel: Display: Shutting down PIE online subsystems
[2020.01.29-19.21.02:125][331]LogBlueprintUserMessages: Late EndPlayMap Detection: Level '/Game/Maps/FirstPersonExampleMap.FirstPersonExampleMap:PersistentLevel' has LevelScriptBlueprint '/Game/Maps/FirstPersonExampleMap.FirstPersonExampleMap:PersistentLevel.FirstPersonExampleMap' with GeneratedClass '/Game/Maps/FirstPersonExampleMap.FirstPersonExampleMap_C' with ClassGeneratedBy '/Game/Maps/FirstPersonExampleMap.FirstPersonExampleMap:PersistentLevel.FirstPersonExampleMap'
[2020.01.29-19.21.02:128][331]LogSlate: InvalidateAllWidgets triggered.  All widgets were invalidated
[2020.01.29-19.21.02:149][331]LogAudioMixer: Display: No commands were queued while flushing the source manager.
[2020.01.29-19.21.02:153][331]LogSlate: Updating window title bar state: overlay mode, drag disabled, window buttons hidden, title bar hidden
[2020.01.29-19.21.02:157][331]LogUObjectHash: Compacting FUObjectHashTables data took   1.50ms
[2020.01.29-19.21.02:200][333]LogPlayLevel: Display: Destroying online subsystem :Context_5
[2020.01.29-19.21.03:164][431]LogTemp: Repeating last play command: Selected Viewport
[2020.01.29-19.21.03:174][431]LogBlueprintUserMessages: Early PlayInEditor Detection: Level '/Game/Maps/FirstPersonExampleMap.FirstPersonExampleMap:PersistentLevel' has LevelScriptBlueprint '/Game/Maps/FirstPersonExampleMap.FirstPersonExampleMap:PersistentLevel.FirstPersonExampleMap' with GeneratedClass '/Game/Maps/FirstPersonExampleMap.FirstPersonExampleMap_C' with ClassGeneratedBy '/Game/Maps/FirstPersonExampleMap.FirstPersonExampleMap:PersistentLevel.FirstPersonExampleMap'
[2020.01.29-19.21.03:174][431]LogPlayLevel: PlayLevel: No blueprints needed recompiling
[2020.01.29-19.21.03:175][431]PIE: New page: PIE session: FirstPersonExampleMap (Jan 29, 2020, 9:21:03 AM)
[2020.01.29-19.21.03:175][431]LogPlayLevel: Creating play world package: /Game/Maps/UEDPIE_0_FirstPersonExampleMap
[2020.01.29-19.21.03:192][431]LogPlayLevel: PIE: StaticDuplicateObject took: (0.017111s)
[2020.01.29-19.21.03:193][431]LogAIModule: Creating AISystem for world FirstPersonExampleMap
[2020.01.29-19.21.03:194][431]LogPlayLevel: PIE: World Init took: (0.001403s)
[2020.01.29-19.21.03:194][431]LogPlayLevel: PIE: Created PIE world by copying editor world from /Game/Maps/FirstPersonExampleMap.FirstPersonExampleMap to /Game/Maps/UEDPIE_0_FirstPersonExampleMap.FirstPersonExampleMap (0.018935s)
[2020.01.29-19.21.03:217][431]LogUObjectHash: Compacting FUObjectHashTables data took   1.45ms
[2020.01.29-19.21.03:219][431]LogAudioMixer: Display: Audio Mixer Platform Settings:
[2020.01.29-19.21.03:219][431]LogAudioMixer: Display: 	Sample Rate:						  48000
[2020.01.29-19.21.03:219][431]LogAudioMixer: Display: 	Callback Buffer Frame Size Requested: 1024
[2020.01.29-19.21.03:219][431]LogAudioMixer: Display: 	Callback Buffer Frame Size To Use:	  1024
[2020.01.29-19.21.03:219][431]LogAudioMixer: Display: 	Number of buffers to queue:			  2
[2020.01.29-19.21.03:219][431]LogAudioMixer: Display: 	Max Channels (voices):				  32
[2020.01.29-19.21.03:219][431]LogAudioMixer: Display: 	Number of Async Source Workers:		  0
[2020.01.29-19.21.03:219][431]LogAudio: Display: AudioDevice MaxSources: 32
[2020.01.29-19.21.03:220][431]LogAudio: Display: Using built-in audio occlusion.
[2020.01.29-19.21.03:220][431]LogAudioMixer: Display: Initializing audio mixer.
[2020.01.29-19.21.03:235][431]LogAudioMixer: Display: Audio Device Output Speaker Info:
[2020.01.29-19.21.03:235][431]LogAudioMixer: Display: Name: Realtek Digital Output(Optical) (Realtek High Definition Audio)
[2020.01.29-19.21.03:235][431]LogAudioMixer: Display: Is Default: Yes
[2020.01.29-19.21.03:236][431]LogAudioMixer: Display: Sample Rate: 48000
[2020.01.29-19.21.03:236][431]LogAudioMixer: Display: Channel Count Used: 2
[2020.01.29-19.21.03:236][431]LogAudioMixer: Display: Device Channel Count: 2
[2020.01.29-19.21.03:236][431]LogAudioMixer: Display: Channel Order:
[2020.01.29-19.21.03:236][431]LogAudioMixer: Display: 0: FrontLeft
[2020.01.29-19.21.03:236][431]LogAudioMixer: Display: 1: FrontRight
[2020.01.29-19.21.03:250][431]LogAudioMixer: Display: Using Audio Device Realtek Digital Output(Optical) (Realtek High Definition Audio)
[2020.01.29-19.21.03:252][431]LogInit: FAudioDevice initialized.
[2020.01.29-19.21.03:262][431]LogLoad: Game class is 'FPSGameMode'
[2020.01.29-19.21.03:264][431]LogWorld: Bringing World /Game/Maps/UEDPIE_0_FirstPersonExampleMap.FirstPersonExampleMap up for play (max tick rate 0) at 2020.01.29-14.21.03
[2020.01.29-19.21.03:265][431]LogWorld: Bringing up level for play took: 0.002212
[2020.01.29-19.21.03:265][431]LogOnline: OSS: Creating online subsystem instance for: :Context_6
[2020.01.29-19.21.03:268][431]PIE: Play in editor start time for /Game/Maps/UEDPIE_0_FirstPersonExampleMap 0.291
[2020.01.29-19.21.03:268][431]LogBlueprintUserMessages: Late PlayInEditor Detection: Level '/Game/Maps/FirstPersonExampleMap.FirstPersonExampleMap:PersistentLevel' has LevelScriptBlueprint '/Game/Maps/FirstPersonExampleMap.FirstPersonExampleMap:PersistentLevel.FirstPersonExampleMap' with GeneratedClass '/Game/Maps/FirstPersonExampleMap.FirstPersonExampleMap_C' with ClassGeneratedBy '/Game/Maps/FirstPersonExampleMap.FirstPersonExampleMap:PersistentLevel.FirstPersonExampleMap'
